This is pdfTeX, Version 3.14159265-2.6-1.40.18 (MiKTeX 2.9.6350 64-bit) (preloaded format=pdflatex 2017.8.7)  5 SEP 2017 04:47
entering extended mode
**./LS7-Abschlussarbeit.tex
(LS7-Abschlussarbeit.tex
LaTeX2e <2017-04-15>
Babel <3.10> and hyphenation patterns for 75 language(s) loaded.
(E:\Miktex2\tex\latex\base\ifthen.sty
Package: ifthen 2014/09/29 v1.1c Standard LaTeX ifthen package (DPC)
)
(E:\Miktex2\tex\generic\oberdiek\ifpdf.sty
Package: ifpdf 2017/03/15 v3.2 Provides the ifpdf switch
) pdfLaTeX
(C:\Users\Robin\AppData\Roaming\MiKTeX\2.9\tex\latex\koma-script\scrbook.cls
Document Class: scrbook 2017/04/13 v3.23 KOMA-Script document class (book)
(C:\Users\Robin\AppData\Roaming\MiKTeX\2.9\tex\latex\koma-script\scrkbase.sty
Package: scrkbase 2017/04/13 v3.23 KOMA-Script package (KOMA-Script-dependent b
asics and keyval usage)

(C:\Users\Robin\AppData\Roaming\MiKTeX\2.9\tex\latex\koma-script\scrbase.sty
Package: scrbase 2017/04/13 v3.23 KOMA-Script package (KOMA-Script-independent 
basics and keyval usage)

(E:\Miktex2\tex\latex\graphics\keyval.sty
Package: keyval 2014/10/28 v1.15 key=value parser (DPC)
\KV@toks@=\toks14
)
(C:\Users\Robin\AppData\Roaming\MiKTeX\2.9\tex\latex\koma-script\scrlfile.sty
Package: scrlfile 2017/04/13 v3.23 KOMA-Script package (loading files)

Package scrlfile, 2017/04/13 v3.23 KOMA-Script package (loading files)
                  Copyright (C) Markus Kohm

)))
(C:\Users\Robin\AppData\Roaming\MiKTeX\2.9\tex\latex\koma-script\tocbasic.sty
Package: tocbasic 2017/04/13 v3.23 KOMA-Script package (handling toc-files)
\scr@dte@tocline@numberwidth=\skip41
\scr@dte@tocline@numbox=\box26
)
Package tocbasic Info: omitting babel extension for `toc'
(tocbasic)             because of feature `nobabel' available
(tocbasic)             for `toc' on input line 133.
Package tocbasic Info: omitting babel extension for `lof'
(tocbasic)             because of feature `nobabel' available
(tocbasic)             for `lof' on input line 135.
Package tocbasic Info: omitting babel extension for `lot'
(tocbasic)             because of feature `nobabel' available
(tocbasic)             for `lot' on input line 136.
Package tocbasic Info: defining new hook before heading of `' on input line 160
8.
Package scrbook Info: You've used standard option `12pt'.
(scrbook)             This is correct!
(scrbook)             Internally I'm using `fontsize=12pt'.
(scrbook)             If you'd like to set the option with \KOMAoptions,
(scrbook)             you'd have to use `fontsize=12pt' there
(scrbook)             instead of `12pt', too.
Class scrbook Info: File `scrsize12pt.clo' used to setup font sizes on input li
ne 2275.

(C:\Users\Robin\AppData\Roaming\MiKTeX\2.9\tex\latex\koma-script\scrsize12pt.cl
o
File: scrsize12pt.clo 2017/04/13 v3.23 KOMA-Script font size class option (12pt
)
)
(C:\Users\Robin\AppData\Roaming\MiKTeX\2.9\tex\latex\koma-script\typearea.sty
Package: typearea 2017/04/13 v3.23 KOMA-Script package (type area)
\ta@bcor=\skip42
\ta@div=\count79
Package typearea Info: You've used standard option `pdftex'.
(typearea)             This is correct!
(typearea)             Internally I'm using `pagesize=pdftex'.
(typearea)             If you'd like to set the option with \KOMAoptions,
(typearea)             you'd have to use `pagesize=pdftex' there
(typearea)             instead of `pdftex', too.
Package typearea Info: You've used standard option `a4paper'.
(typearea)             This is correct!
(typearea)             Internally I'm using `paper=a4'.
(typearea)             If you'd like to set the option with \KOMAoptions,
(typearea)             you'd have to use `paper=a4' there
(typearea)             instead of `a4paper', too.
\ta@hblk=\skip43
\ta@vblk=\skip44
\ta@temp=\skip45
\footheight=\skip46
Package typearea Info: These are the values describing the layout:
(typearea)             DIV  = 12
(typearea)             BCOR = 0.0pt
(typearea)             \paperwidth      = 597.50793pt
(typearea)              \textwidth      = 448.13095pt
(typearea)              DIV departure   = -6%
(typearea)              \evensidemargin = 27.31467pt
(typearea)              \oddsidemargin  = -22.47766pt
(typearea)             \paperheight     = 845.04694pt
(typearea)              \textheight     = 635.5pt
(typearea)              \topmargin      = -41.72441pt
(typearea)              \headheight     = 18.125pt
(typearea)              \headsep        = 21.75pt
(typearea)              \topskip        = 12.0pt
(typearea)              \footskip       = 50.75pt
(typearea)              \baselineskip   = 14.5pt
(typearea)              on input line 1647.
)
\c@part=\count80
\c@chapter=\count81
\c@section=\count82
\c@subsection=\count83
\c@subsubsection=\count84
\c@paragraph=\count85
\c@subparagraph=\count86
\scr@dte@part@maxnumwidth=\skip47
\scr@dte@chapter@maxnumwidth=\skip48
\scr@dte@section@maxnumwidth=\skip49
\scr@dte@subsection@maxnumwidth=\skip50
\scr@dte@subsubsection@maxnumwidth=\skip51
\scr@dte@paragraph@maxnumwidth=\skip52
\scr@dte@subparagraph@maxnumwidth=\skip53
LaTeX Info: Redefining \textsubscript on input line 4843.
\abovecaptionskip=\skip54
\belowcaptionskip=\skip55
\c@pti@nb@sid@b@x=\box27
\c@figure=\count87
\c@table=\count88
Class scrbook Info: Redefining `\numberline' on input line 6000.
\bibindent=\dimen102
) (E:\Miktex2\tex\latex\float\float.sty
Package: float 2001/11/08 v1.3d Float enhancements (AL)
\c@float@type=\count89
\float@exts=\toks15
\float@box=\box28
\@float@everytoks=\toks16
\@floatcapt=\box29
)
(E:\Miktex2\tex\generic\thumbpdf\thumbpdf.sty
Package: thumbpdf 2014/07/15 v3.16 Inclusion of thumbnails (HO)


Package thumbpdf Warning: Thumbnail data file `LS7-Abschlussarbeit.tpt' not fou
nd.

) (E:\Miktex2\tex\latex\graphics\graphicx.sty
Package: graphicx 2014/10/28 v1.0g Enhanced LaTeX Graphics (DPC,SPQR)

(E:\Miktex2\tex\latex\graphics\graphics.sty
Package: graphics 2017/04/14 v1.1b Standard LaTeX Graphics (DPC,SPQR)

(E:\Miktex2\tex\latex\graphics\trig.sty
Package: trig 2016/01/03 v1.10 sin cos tan (DPC)
)
(E:\Miktex2\tex\latex\graphics-cfg\graphics.cfg
File: graphics.cfg 2016/06/04 v1.11 sample graphics configuration
)
Package graphics Info: Driver file: pdftex.def on input line 99.

(E:\Miktex2\tex\latex\graphics-def\pdftex.def
File: pdftex.def 2017/01/12 v0.06k Graphics/color for pdfTeX

(E:\Miktex2\tex\generic\oberdiek\infwarerr.sty
Package: infwarerr 2016/05/16 v1.4 Providing info/warning/error messages (HO)
)
(E:\Miktex2\tex\generic\oberdiek\ltxcmds.sty
Package: ltxcmds 2016/05/16 v1.23 LaTeX kernel commands for general use (HO)
)
\Gread@gobject=\count90
))
\Gin@req@height=\dimen103
\Gin@req@width=\dimen104
)
(E:\Miktex2\tex\latex\hyperref\hyperref.sty
Package: hyperref 2017/03/14 v6.85a Hypertext links for LaTeX

(E:\Miktex2\tex\generic\oberdiek\hobsub-hyperref.sty
Package: hobsub-hyperref 2016/05/16 v1.14 Bundle oberdiek, subset hyperref (HO)


(E:\Miktex2\tex\generic\oberdiek\hobsub-generic.sty
Package: hobsub-generic 2016/05/16 v1.14 Bundle oberdiek, subset generic (HO)
Package: hobsub 2016/05/16 v1.14 Construct package bundles (HO)
Package hobsub Info: Skipping package `infwarerr' (already loaded).
Package hobsub Info: Skipping package `ltxcmds' (already loaded).
Package: ifluatex 2016/05/16 v1.4 Provides the ifluatex switch (HO)
Package ifluatex Info: LuaTeX not detected.
Package: ifvtex 2016/05/16 v1.6 Detect VTeX and its facilities (HO)
Package ifvtex Info: VTeX not detected.
Package: intcalc 2016/05/16 v1.2 Expandable calculations with integers (HO)
Package hobsub Info: Skipping package `ifpdf' (already loaded).
Package: etexcmds 2016/05/16 v1.6 Avoid name clashes with e-TeX commands (HO)
Package etexcmds Info: Could not find \expanded.
(etexcmds)             That can mean that you are not using pdfTeX 1.50 or
(etexcmds)             that some package has redefined \expanded.
(etexcmds)             In the latter case, load this package earlier.
Package: kvsetkeys 2016/05/16 v1.17 Key value parser (HO)
Package: kvdefinekeys 2016/05/16 v1.4 Define keys (HO)
Package: pdftexcmds 2017/03/19 v0.25 Utility functions of pdfTeX for LuaTeX (HO
)
Package pdftexcmds Info: LuaTeX not detected.
Package pdftexcmds Info: \pdf@primitive is available.
Package pdftexcmds Info: \pdf@ifprimitive is available.
Package pdftexcmds Info: \pdfdraftmode found.
Package: pdfescape 2016/05/16 v1.14 Implements pdfTeX's escape features (HO)
Package: bigintcalc 2016/05/16 v1.4 Expandable calculations on big integers (HO
)
Package: bitset 2016/05/16 v1.2 Handle bit-vector datatype (HO)
Package: uniquecounter 2016/05/16 v1.3 Provide unlimited unique counter (HO)
)
Package hobsub Info: Skipping package `hobsub' (already loaded).
Package: letltxmacro 2016/05/16 v1.5 Let assignment for LaTeX macros (HO)
Package: hopatch 2016/05/16 v1.3 Wrapper for package hooks (HO)
Package: xcolor-patch 2016/05/16 xcolor patch
Package: atveryend 2016/05/16 v1.9 Hooks at the very end of document (HO)
Package atveryend Info: \enddocument detected (standard20110627).
Package: atbegshi 2016/06/09 v1.18 At begin shipout hook (HO)
Package: refcount 2016/05/16 v3.5 Data extraction from label references (HO)
Package: hycolor 2016/05/16 v1.8 Color options for hyperref/bookmark (HO)
)
(E:\Miktex2\tex\generic\ifxetex\ifxetex.sty
Package: ifxetex 2010/09/12 v0.6 Provides ifxetex conditional
)
(E:\Miktex2\tex\latex\oberdiek\auxhook.sty
Package: auxhook 2016/05/16 v1.4 Hooks for auxiliary files (HO)
)
(E:\Miktex2\tex\latex\oberdiek\kvoptions.sty
Package: kvoptions 2016/05/16 v3.12 Key value format for package options (HO)
)
\@linkdim=\dimen105
\Hy@linkcounter=\count91
\Hy@pagecounter=\count92

(E:\Miktex2\tex\latex\hyperref\pd1enc.def
File: pd1enc.def 2017/03/14 v6.85a Hyperref: PDFDocEncoding definition (HO)
)
\Hy@SavedSpaceFactor=\count93

(E:\Miktex2\tex\latex\00miktex\hyperref.cfg
File: hyperref.cfg 2002/06/06 v1.2 hyperref configuration of TeXLive
)
Package hyperref Info: Hyper figures OFF on input line 4498.
Package hyperref Info: Link nesting OFF on input line 4503.
Package hyperref Info: Hyper index ON on input line 4506.
Package hyperref Info: Plain pages OFF on input line 4513.
Package hyperref Info: Backreferencing OFF on input line 4518.
Package hyperref Info: Implicit mode ON; LaTeX internals redefined.
Package hyperref Info: Bookmarks ON on input line 4751.
\c@Hy@tempcnt=\count94

(C:\Users\Robin\AppData\Roaming\MiKTeX\2.9\tex\latex\url\url.sty
\Urlmuskip=\muskip10
Package: url 2013/09/16  ver 3.4  Verb mode for urls, etc.
)
LaTeX Info: Redefining \url on input line 5104.
\XeTeXLinkMargin=\dimen106
\Fld@menulength=\count95
\Field@Width=\dimen107
\Fld@charsize=\dimen108
Package hyperref Info: Hyper figures OFF on input line 6358.
Package hyperref Info: Link nesting OFF on input line 6363.
Package hyperref Info: Hyper index ON on input line 6366.
Package hyperref Info: backreferencing OFF on input line 6373.
Package hyperref Info: Link coloring OFF on input line 6378.
Package hyperref Info: Link coloring with OCG OFF on input line 6383.
Package hyperref Info: PDF/A mode OFF on input line 6388.
LaTeX Info: Redefining \ref on input line 6428.
LaTeX Info: Redefining \pageref on input line 6432.
\Hy@abspage=\count96
\c@Item=\count97
\c@Hfootnote=\count98
)

Package hyperref Message: Driver: hpdftex.

(E:\Miktex2\tex\latex\hyperref\hpdftex.def
File: hpdftex.def 2017/03/14 v6.85a Hyperref driver for pdfTeX
\Fld@listcount=\count99
\c@bookmark@seq@number=\count100

(E:\Miktex2\tex\latex\oberdiek\rerunfilecheck.sty
Package: rerunfilecheck 2016/05/16 v1.8 Rerun checks for auxiliary files (HO)
Package uniquecounter Info: New unique counter `rerunfilecheck' on input line 2
82.
)
\Hy@SectionHShift=\skip56
)
(C:\Users\Robin\AppData\Roaming\MiKTeX\2.9\tex\latex\pdfpages\pdfpages.sty
Package: pdfpages 2017/07/14 v0.5j Insert pages of external PDF documents (AM)

(E:\Miktex2\tex\latex\tools\calc.sty
Package: calc 2014/10/28 v4.3 Infix arithmetic (KKT,FJ)
\calc@Acount=\count101
\calc@Bcount=\count102
\calc@Adimen=\dimen109
\calc@Bdimen=\dimen110
\calc@Askip=\skip57
\calc@Bskip=\skip58
LaTeX Info: Redefining \setlength on input line 80.
LaTeX Info: Redefining \addtolength on input line 81.
\calc@Ccount=\count103
\calc@Cskip=\skip59
)
(C:\Users\Robin\AppData\Roaming\MiKTeX\2.9\tex\latex\eso-pic\eso-pic.sty
Package: eso-pic 2015/07/21 v2.0g eso-pic (RN)

(C:\Users\Robin\AppData\Roaming\MiKTeX\2.9\tex\latex\xcolor\xcolor.sty
Package: xcolor 2016/05/11 v2.12 LaTeX color extensions (UK)

(E:\Miktex2\tex\latex\graphics-cfg\color.cfg
File: color.cfg 2016/01/02 v1.6 sample color configuration
)
Package xcolor Info: Driver file: pdftex.def on input line 225.
Package xcolor Info: Model `cmy' substituted by `cmy0' on input line 1348.
Package xcolor Info: Model `hsb' substituted by `rgb' on input line 1352.
Package xcolor Info: Model `RGB' extended on input line 1364.
Package xcolor Info: Model `HTML' substituted by `rgb' on input line 1366.
Package xcolor Info: Model `Hsb' substituted by `hsb' on input line 1367.
Package xcolor Info: Model `tHsb' substituted by `hsb' on input line 1368.
Package xcolor Info: Model `HSB' substituted by `hsb' on input line 1369.
Package xcolor Info: Model `Gray' substituted by `gray' on input line 1370.
Package xcolor Info: Model `wave' substituted by `hsb' on input line 1371.
))
\AM@pagewidth=\dimen111
\AM@pageheight=\dimen112

(C:\Users\Robin\AppData\Roaming\MiKTeX\2.9\tex\latex\pdfpages\pppdftex.def
File: pppdftex.def 2017/07/14 v0.5j Pdfpages driver for pdfTeX (AM)
)
\AM@pagebox=\box30
\AM@global@opts=\toks17
\AM@toc@title=\toks18
\c@AM@survey=\count104
\AM@templatesizebox=\box31
)
Package hyperref Info: Option `colorlinks' set `false' on input line 78.
Package hyperref Info: Option `bookmarksopen' set `true' on input line 78.
Package hyperref Info: Option `bookmarksnumbered' set `false' on input line 78.

Package hyperref Info: Option `plainpages' set `false' on input line 78.

(C:\Users\Robin\AppData\Roaming\MiKTeX\2.9\tex\latex\geometry-de\geometry.sty
Package: geometry 2010/09/12 v5.6 Page Geometry
\Gm@cnth=\count105
\Gm@cntv=\count106
\c@Gm@tempcnt=\count107
\Gm@bindingoffset=\dimen113
\Gm@wd@mp=\dimen114
\Gm@odd@mp=\dimen115
\Gm@even@mp=\dimen116
\Gm@layoutwidth=\dimen117
\Gm@layoutheight=\dimen118
\Gm@layouthoffset=\dimen119
\Gm@layoutvoffset=\dimen120
\Gm@dimlist=\toks19

(E:\Miktex2\tex\latex\geometry\geometry.cfg))
(E:\Miktex2\tex\latex\amsmath\amsmath.sty
Package: amsmath 2016/11/05 v2.16a AMS math features
\@mathmargin=\skip60

For additional information on amsmath, use the `?' option.
(E:\Miktex2\tex\latex\amsmath\amstext.sty
Package: amstext 2000/06/29 v2.01 AMS text

(E:\Miktex2\tex\latex\amsmath\amsgen.sty
File: amsgen.sty 1999/11/30 v2.0 generic functions
\@emptytoks=\toks20
\ex@=\dimen121
))
(E:\Miktex2\tex\latex\amsmath\amsbsy.sty
Package: amsbsy 1999/11/29 v1.2d Bold Symbols
\pmbraise@=\dimen122
)
(E:\Miktex2\tex\latex\amsmath\amsopn.sty
Package: amsopn 2016/03/08 v2.02 operator names
)
\inf@bad=\count108
LaTeX Info: Redefining \frac on input line 213.
\uproot@=\count109
\leftroot@=\count110
LaTeX Info: Redefining \overline on input line 375.
\classnum@=\count111
\DOTSCASE@=\count112
LaTeX Info: Redefining \ldots on input line 472.
LaTeX Info: Redefining \dots on input line 475.
LaTeX Info: Redefining \cdots on input line 596.
\Mathstrutbox@=\box32
\strutbox@=\box33
\big@size=\dimen123
LaTeX Font Info:    Redeclaring font encoding OML on input line 712.
LaTeX Font Info:    Redeclaring font encoding OMS on input line 713.
\macc@depth=\count113
\c@MaxMatrixCols=\count114
\dotsspace@=\muskip11
\c@parentequation=\count115
\dspbrk@lvl=\count116
\tag@help=\toks21
\row@=\count117
\column@=\count118
\maxfields@=\count119
\andhelp@=\toks22
\eqnshift@=\dimen124
\alignsep@=\dimen125
\tagshift@=\dimen126
\tagwidth@=\dimen127
\totwidth@=\dimen128
\lineht@=\dimen129
\@envbody=\toks23
\multlinegap=\skip61
\multlinetaggap=\skip62
\mathdisplay@stack=\toks24
LaTeX Info: Redefining \[ on input line 2817.
LaTeX Info: Redefining \] on input line 2818.
)
(E:\Miktex2\tex\latex\amsfonts\amssymb.sty
Package: amssymb 2013/01/14 v3.01 AMS font symbols

(E:\Miktex2\tex\latex\amsfonts\amsfonts.sty
Package: amsfonts 2013/01/14 v3.01 Basic AMSFonts support
\symAMSa=\mathgroup4
\symAMSb=\mathgroup5
LaTeX Font Info:    Overwriting math alphabet `\mathfrak' in version `bold'
(Font)                  U/euf/m/n --> U/euf/b/n on input line 106.
))
(E:\Miktex2\tex\latex\base\flafter.sty
Package: flafter 2017/04/11 v1.4a Standard LaTeX floats after reference (FMi)
Applying: [2015/01/01] float order in 2-column on input line 49.
Already applied: [0000/00/00] float order in 2-column on input line 151.
)
(C:\Users\Robin\AppData\Roaming\MiKTeX\2.9\tex\latex\subfigure\subfigure.sty
Package: subfigure 2002/07/30 v2.1.4 subfigure package
\subfigtopskip=\skip63
\subfigcapskip=\skip64
\subfigcaptopadj=\dimen130
\subfigbottomskip=\skip65
\subfigcapmargin=\dimen131
\subfiglabelskip=\skip66
\c@subfigure=\count120
\c@lofdepth=\count121
\c@subtable=\count122
\c@lotdepth=\count123

****************************************
* Local config file subfigure.cfg used *
****************************************
(C:\Users\Robin\AppData\Roaming\MiKTeX\2.9\tex\latex\subfigure\subfigure.cfg)
\subfig@top=\skip67
\subfig@bottom=\skip68
)
(C:\Users\Robin\AppData\Roaming\MiKTeX\2.9\tex\latex\textpos\textpos.sty
Package: textpos 2016/06/07 v1.8

Package: textpos 2016/06/07 1.8, absolute positioning of text on the page
(C:\Users\Robin\AppData\Roaming\MiKTeX\2.9\tex\latex\ms\everyshi.sty
Package: everyshi 2001/05/15 v3.00 EveryShipout Package (MS)
)
\TP@textbox=\box34
\TP@holdbox=\box35
\TPHorizModule=\dimen132
\TPVertModule=\dimen133
\TP@margin=\dimen134
\TP@absmargin=\dimen135

Grid set 16 x 16 = 37.34424pt x 52.81541pt
\TPboxrulesize=\dimen136
\TP@ox=\dimen137
\TP@oy=\dimen138
\TP@tbargs=\toks25
\TP@prevdepth=\dimen139
TextBlockOrigin set to 0pt x 0pt
)
TextBlockOrigin set to 0mm x 0mm
(E:\Miktex2\tex\latex\base\fix-cm.sty
Package: fix-cm 2015/01/14 v1.1t fixes to LaTeX
 (E:\Miktex2\tex\latex\base\ts1enc.def
File: ts1enc.def 2001/06/05 v3.0e (jk/car/fm) Standard LaTeX file
))
(C:\Users\Robin\AppData\Roaming\MiKTeX\2.9\tex\latex\setspace\setspace.sty
Package: setspace 2011/12/19 v6.7a set line spacing
)
(C:\Users\Robin\AppData\Roaming\MiKTeX\2.9\tex\latex\koma-script\scrhack.sty
Package: scrhack 2017/04/13 v3.23 KOMA-Script package 

(C:\Users\Robin\AppData\Roaming\MiKTeX\2.9\tex\latex\xpatch\xpatch.sty
(C:\Users\Robin\AppData\Roaming\MiKTeX\2.9\tex\latex\l3kernel\expl3.sty
Package: expl3 2017/07/19 L3 programming layer (loader) 

(C:\Users\Robin\AppData\Roaming\MiKTeX\2.9\tex\latex\l3kernel\expl3-code.tex
Package: expl3 2017/07/19 L3 programming layer (code)
\c_max_int=\count124
\l_tmpa_int=\count125
\l_tmpb_int=\count126
\g_tmpa_int=\count127
\g_tmpb_int=\count128
\g__intarray_font_int=\count129
\g__prg_map_int=\count130
\c_log_iow=\count131
\l_iow_line_count_int=\count132
\l__iow_line_target_int=\count133
\l__iow_one_indent_int=\count134
\l__iow_indent_int=\count135
\c_zero_dim=\dimen140
\c_max_dim=\dimen141
\l_tmpa_dim=\dimen142
\l_tmpb_dim=\dimen143
\g_tmpa_dim=\dimen144
\g_tmpb_dim=\dimen145
\c_zero_skip=\skip69
\c_max_skip=\skip70
\l_tmpa_skip=\skip71
\l_tmpb_skip=\skip72
\g_tmpa_skip=\skip73
\g_tmpb_skip=\skip74
\c_zero_muskip=\muskip12
\c_max_muskip=\muskip13
\l_tmpa_muskip=\muskip14
\l_tmpb_muskip=\muskip15
\g_tmpa_muskip=\muskip16
\g_tmpb_muskip=\muskip17
\l_keys_choice_int=\count136
\c__fp_leading_shift_int=\count137
\c__fp_middle_shift_int=\count138
\c__fp_trailing_shift_int=\count139
\c__fp_big_leading_shift_int=\count140
\c__fp_big_middle_shift_int=\count141
\c__fp_big_trailing_shift_int=\count142
\c__fp_Bigg_leading_shift_int=\count143
\c__fp_Bigg_middle_shift_int=\count144
\c__fp_Bigg_trailing_shift_int=\count145
\c__fp_rand_size_int=\count146
\c__fp_rand_four_int=\count147
\c__fp_rand_eight_int=\count148
\l__sort_length_int=\count149
\l__sort_min_int=\count150
\l__sort_top_int=\count151
\l__sort_max_int=\count152
\l__sort_true_max_int=\count153
\l__sort_block_int=\count154
\l__sort_begin_int=\count155
\l__sort_end_int=\count156
\l__sort_A_int=\count157
\l__sort_B_int=\count158
\l__sort_C_int=\count159
\l__tl_build_start_index_int=\count160
\l__tl_build_index_int=\count161
\l__tl_analysis_normal_int=\count162
\l__tl_analysis_index_int=\count163
\l__tl_analysis_nesting_int=\count164
\l__tl_analysis_type_int=\count165
\l__regex_internal_a_int=\count166
\l__regex_internal_b_int=\count167
\l__regex_internal_c_int=\count168
\l__regex_balance_int=\count169
\l__regex_group_level_int=\count170
\l__regex_mode_int=\count171
\c__regex_cs_in_class_mode_int=\count172
\c__regex_cs_mode_int=\count173
\l__regex_catcodes_int=\count174
\l__regex_default_catcodes_int=\count175
\c__regex_catcode_D_int=\count176
\c__regex_catcode_S_int=\count177
\c__regex_catcode_L_int=\count178
\c__regex_catcode_O_int=\count179
\c__regex_catcode_A_int=\count180
\c__regex_all_catcodes_int=\count181
\l__regex_show_lines_int=\count182
\l__regex_min_state_int=\count183
\l__regex_max_state_int=\count184
\l__regex_left_state_int=\count185
\l__regex_right_state_int=\count186
\l__regex_capturing_group_int=\count187
\l__regex_min_pos_int=\count188
\l__regex_max_pos_int=\count189
\l__regex_curr_pos_int=\count190
\l__regex_start_pos_int=\count191
\l__regex_success_pos_int=\count192
\l__regex_curr_char_int=\count193
\l__regex_curr_catcode_int=\count194
\l__regex_last_char_int=\count195
\l__regex_case_changed_char_int=\count196
\l__regex_curr_state_int=\count197
\l__regex_step_int=\count198
\l__regex_min_active_int=\count199
\l__regex_max_active_int=\count266
\l__regex_replacement_csnames_int=\count267
\l__regex_match_count_int=\count268
\l__regex_min_submatch_int=\count269
\l__regex_submatch_int=\count270
\l__regex_zeroth_submatch_int=\count271
\g__debug_trace_regex_int=\count272
\c_empty_box=\box36
\l_tmpa_box=\box37
\l_tmpb_box=\box38
\g_tmpa_box=\box39
\g_tmpb_box=\box40
\l__box_top_dim=\dimen146
\l__box_bottom_dim=\dimen147
\l__box_left_dim=\dimen148
\l__box_right_dim=\dimen149
\l__box_top_new_dim=\dimen150
\l__box_bottom_new_dim=\dimen151
\l__box_left_new_dim=\dimen152
\l__box_right_new_dim=\dimen153
\l__box_internal_box=\box41
\l__coffin_internal_box=\box42
\l__coffin_internal_dim=\dimen154
\l__coffin_offset_x_dim=\dimen155
\l__coffin_offset_y_dim=\dimen156
\l__coffin_x_dim=\dimen157
\l__coffin_y_dim=\dimen158
\l__coffin_x_prime_dim=\dimen159
\l__coffin_y_prime_dim=\dimen160
\c_empty_coffin=\box43
\l__coffin_aligned_coffin=\box44
\l__coffin_aligned_internal_coffin=\box45
\l_tmpa_coffin=\box46
\l_tmpb_coffin=\box47
\l__coffin_display_coffin=\box48
\l__coffin_display_coord_coffin=\box49
\l__coffin_display_pole_coffin=\box50
\l__coffin_display_offset_dim=\dimen161
\l__coffin_display_x_dim=\dimen162
\l__coffin_display_y_dim=\dimen163
\l__coffin_bounding_shift_dim=\dimen164
\l__coffin_left_corner_dim=\dimen165
\l__coffin_right_corner_dim=\dimen166
\l__coffin_bottom_corner_dim=\dimen167
\l__coffin_top_corner_dim=\dimen168
\l__coffin_scaled_total_height_dim=\dimen169
\l__coffin_scaled_width_dim=\dimen170
)
(C:\Users\Robin\AppData\Roaming\MiKTeX\2.9\tex\latex\l3kernel\l3pdfmode.def
File: l3pdfmode.def 2017/03/18 v L3 Experimental driver: PDF mode
\l__driver_color_stack_int=\count273
\l__driver_tmp_box=\box51
))
Package: xpatch 2012/10/02 v0.3 Extending etoolbox patching commands

(C:\Users\Robin\AppData\Roaming\MiKTeX\2.9\tex\latex\l3packages\xparse\xparse.s
ty
Package: xparse 2017/07/19 L3 Experimental document command parser
\l__xparse_current_arg_int=\count274
\g__xparse_grabber_int=\count275
\l__xparse_m_args_int=\count276
\l__xparse_mandatory_args_int=\count277
\l__xparse_v_nesting_int=\count278
) (C:\Users\Robin\AppData\Roaming\MiKTeX\2.9\tex\latex\etoolbox\etoolbox.sty
Package: etoolbox 2017/01/02 v2.4 e-TeX tools for LaTeX (JAW)
\etb@tempcnta=\count279
)
.................................................
. LaTeX info: "xparse/define-command"
. 
. Defining command \xpatchcmd with sig. '' on line 125.
.................................................
.................................................
. LaTeX info: "xparse/define-command"
. 
. Defining command \xpretocmd with sig. '' on line 126.
.................................................
.................................................
. LaTeX info: "xparse/define-command"
. 
. Defining command \xapptocmd with sig. '' on line 127.
.................................................
.................................................
. LaTeX info: "xparse/define-command"
. 
. Defining command \xshowcmd with sig. '' on line 128.
.................................................
.................................................
. LaTeX info: "xparse/define-command"
. 
. Defining command \xpatchbibmacro with sig. 'm' on line 131.
.................................................
.................................................
. LaTeX info: "xparse/define-command"
. 
. Defining command \xpretobibmacro with sig. 'm' on line 133.
.................................................
.................................................
. LaTeX info: "xparse/define-command"
. 
. Defining command \xapptobibmacro with sig. 'm' on line 135.
.................................................
.................................................
. LaTeX info: "xparse/define-command"
. 
. Defining command \xshowbibmacro with sig. 'm' on line 137.
.................................................
.................................................
. LaTeX info: "xparse/define-command"
. 
. Defining command \xpatchfieldformat with sig. 'O{*}m' on line 139.
.................................................
.................................................
. LaTeX info: "xparse/define-command"
. 
. Defining command \xpretofieldformat with sig. 'O{*}m' on line 141.
.................................................
.................................................
. LaTeX info: "xparse/define-command"
. 
. Defining command \xapptofieldformat with sig. 'O{*}m' on line 143.
.................................................
.................................................
. LaTeX info: "xparse/define-command"
. 
. Defining command \xshowfieldformat with sig. 'O{*}m' on line 145.
.................................................
.................................................
. LaTeX info: "xparse/define-command"
. 
. Defining command \xpatchnameformat with sig. 'O{*}m' on line 147.
.................................................
.................................................
. LaTeX info: "xparse/define-command"
. 
. Defining command \xpretonameformat with sig. 'O{*}m' on line 149.
.................................................
.................................................
. LaTeX info: "xparse/define-command"
. 
. Defining command \xapptonameformat with sig. 'O{*}m' on line 151.
.................................................
.................................................
. LaTeX info: "xparse/define-command"
. 
. Defining command \xshownameformat with sig. 'O{*}m' on line 153.
.................................................
.................................................
. LaTeX info: "xparse/define-command"
. 
. Defining command \xpatchlistformat with sig. 'O{*}m' on line 155.
.................................................
.................................................
. LaTeX info: "xparse/define-command"
. 
. Defining command \xpretolistformat with sig. 'O{*}m' on line 157.
.................................................
.................................................
. LaTeX info: "xparse/define-command"
. 
. Defining command \xapptolistformat with sig. 'O{*}m' on line 159.
.................................................
.................................................
. LaTeX info: "xparse/define-command"
. 
. Defining command \xshowlistformat with sig. 'O{*}m' on line 161.
.................................................
.................................................
. LaTeX info: "xparse/define-command"
. 
. Defining command \xpatchindexfieldformat with sig. 'O{*}m' on line 163.
.................................................
.................................................
. LaTeX info: "xparse/define-command"
. 
. Defining command \xpretoindexfieldformat with sig. 'O{*}m' on line 165.
.................................................
.................................................
. LaTeX info: "xparse/define-command"
. 
. Defining command \xapptoindexfieldformat with sig. 'O{*}m' on line 167.
.................................................
.................................................
. LaTeX info: "xparse/define-command"
. 
. Defining command \xshowindexfieldformat with sig. 'O{*}m' on line 169.
.................................................
.................................................
. LaTeX info: "xparse/define-command"
. 
. Defining command \xpatchindexnameformat with sig. 'O{*}m' on line 171.
.................................................
.................................................
. LaTeX info: "xparse/define-command"
. 
. Defining command \xpretoindexnameformat with sig. 'O{*}m' on line 173.
.................................................
.................................................
. LaTeX info: "xparse/define-command"
. 
. Defining command \xapptoindexnameformat with sig. 'O{*}m' on line 175.
.................................................
.................................................
. LaTeX info: "xparse/define-command"
. 
. Defining command \xshowindexnameformat with sig. 'O{*}m' on line 177.
.................................................
.................................................
. LaTeX info: "xparse/define-command"
. 
. Defining command \xpatchindexlistformat with sig. 'O{*}m' on line 179.
.................................................
.................................................
. LaTeX info: "xparse/define-command"
. 
. Defining command \xpretoindexlistformat with sig. 'O{*}m' on line 181.
.................................................
.................................................
. LaTeX info: "xparse/define-command"
. 
. Defining command \xappindextolistformat with sig. 'O{*}m' on line 183.
.................................................
.................................................
. LaTeX info: "xparse/define-command"
. 
. Defining command \xshowindexlistformat with sig. 'O{*}m' on line 185.
.................................................
.................................................
. LaTeX info: "xparse/define-command"
. 
. Defining command \xpatchbibdriver with sig. 'm' on line 187.
.................................................
.................................................
. LaTeX info: "xparse/define-command"
. 
. Defining command \xpretobibdriver with sig. 'm' on line 189.
.................................................
.................................................
. LaTeX info: "xparse/define-command"
. 
. Defining command \xapptobibdriver with sig. 'm' on line 191.
.................................................
.................................................
. LaTeX info: "xparse/define-command"
. 
. Defining command \xshowbibdriver with sig. 'm' on line 193.
.................................................
)
Package scrhack Info: hyperref hack deactivated because of
(scrhack)             detection of hyperref version, that doesn't
(scrhack)             need that hack, on input line 158.
Package scrhack Info: loading float hack on input line 165.
 (C:\Users\Robin\AppData\Roaming\MiKTeX\2.9\tex\latex\koma-script\float.hak
File: float.hak 2017/04/13 v3.23 KOMA-Script package (hacking package float)
Package scrhack Info: redefining \newfloat on input line 161.
Package scrhack Info: redefining \listof on input line 161.
Package scrhack Info: undefining \float@addtolists on input line 161.
)
Package scrhack Info: loading setspace hack on input line 193.

(C:\Users\Robin\AppData\Roaming\MiKTeX\2.9\tex\latex\koma-script\setspace.hak
File: setspace.hak 2017/04/13 v3.23 KOMA-Script package (hacking package setspa
ce)
)) (E:\Miktex2\tex\generic\babel\babel.sty
Package: babel 2017/05/19 3.10 The Babel package

*************************************
* Local config file bblopts.cfg used
*
(C:\Users\Robin\AppData\Roaming\MiKTeX\2.9\tex\latex\arabi\bblopts.cfg
File: bblopts.cfg 2005/09/08 v0.1 add Arabic and Farsi to "declared" options of
 babel
)
(E:\Miktex2\tex\latex\babel-german\ngerman.ldf
Language: ngerman 2016/11/02 v2.9 German support for babel (new orthography)

(E:\Miktex2\tex\latex\babel-german\ngermanb.ldf
Language: ngermanb 2016/11/02 v2.9 German support for babel (new orthography)

(E:\Miktex2\tex\generic\babel\babel.def
File: babel.def 2017/05/19 3.10 Babel common definitions
\babel@savecnt=\count280
\U@D=\dimen171
)
Package babel Info: Making " an active character on input line 125.
))
(E:\Miktex2\tex\latex\babel-german\german.ldf
Language: german 2016/11/02 v2.9 German support for babel (traditional orthogra
phy)

(E:\Miktex2\tex\latex\babel-german\germanb.ldf
Language: germanb 2016/11/02 v2.9 German support for babel (traditional orthogr
aphy)
))

Package babel Warning: Last declared language option is `ngerman',
(babel)                but the last processed one was `german'.
(babel)                The main language cannot be set as both a global
(babel)                and a package option. Use `main=ngerman' as
(babel)                option. Reported on input line 408.

) (E:\Miktex2\tex\latex\base\inputenc.sty
Package: inputenc 2015/03/17 v1.2c Input encoding file
\inpenc@prehook=\toks26
\inpenc@posthook=\toks27
 (E:\Miktex2\tex\latex\base\utf8.def
File: utf8.def 2017/01/28 v1.1t UTF-8 support for inputenc
Now handling font encoding OML ...
... no UTF-8 mapping file for font encoding OML
Now handling font encoding T1 ...
... processing UTF-8 mapping file for font encoding T1

(E:\Miktex2\tex\latex\base\t1enc.dfu
File: t1enc.dfu 2017/01/28 v1.1t UTF-8 support for inputenc
   defining Unicode char U+00A0 (decimal 160)
   defining Unicode char U+00A1 (decimal 161)
   defining Unicode char U+00A3 (decimal 163)
   defining Unicode char U+00AB (decimal 171)
   defining Unicode char U+00AD (decimal 173)
   defining Unicode char U+00BB (decimal 187)
   defining Unicode char U+00BF (decimal 191)
   defining Unicode char U+00C0 (decimal 192)
   defining Unicode char U+00C1 (decimal 193)
   defining Unicode char U+00C2 (decimal 194)
   defining Unicode char U+00C3 (decimal 195)
   defining Unicode char U+00C4 (decimal 196)
   defining Unicode char U+00C5 (decimal 197)
   defining Unicode char U+00C6 (decimal 198)
   defining Unicode char U+00C7 (decimal 199)
   defining Unicode char U+00C8 (decimal 200)
   defining Unicode char U+00C9 (decimal 201)
   defining Unicode char U+00CA (decimal 202)
   defining Unicode char U+00CB (decimal 203)
   defining Unicode char U+00CC (decimal 204)
   defining Unicode char U+00CD (decimal 205)
   defining Unicode char U+00CE (decimal 206)
   defining Unicode char U+00CF (decimal 207)
   defining Unicode char U+00D0 (decimal 208)
   defining Unicode char U+00D1 (decimal 209)
   defining Unicode char U+00D2 (decimal 210)
   defining Unicode char U+00D3 (decimal 211)
   defining Unicode char U+00D4 (decimal 212)
   defining Unicode char U+00D5 (decimal 213)
   defining Unicode char U+00D6 (decimal 214)
   defining Unicode char U+00D8 (decimal 216)
   defining Unicode char U+00D9 (decimal 217)
   defining Unicode char U+00DA (decimal 218)
   defining Unicode char U+00DB (decimal 219)
   defining Unicode char U+00DC (decimal 220)
   defining Unicode char U+00DD (decimal 221)
   defining Unicode char U+00DE (decimal 222)
   defining Unicode char U+00DF (decimal 223)
   defining Unicode char U+00E0 (decimal 224)
   defining Unicode char U+00E1 (decimal 225)
   defining Unicode char U+00E2 (decimal 226)
   defining Unicode char U+00E3 (decimal 227)
   defining Unicode char U+00E4 (decimal 228)
   defining Unicode char U+00E5 (decimal 229)
   defining Unicode char U+00E6 (decimal 230)
   defining Unicode char U+00E7 (decimal 231)
   defining Unicode char U+00E8 (decimal 232)
   defining Unicode char U+00E9 (decimal 233)
   defining Unicode char U+00EA (decimal 234)
   defining Unicode char U+00EB (decimal 235)
   defining Unicode char U+00EC (decimal 236)
   defining Unicode char U+00ED (decimal 237)
   defining Unicode char U+00EE (decimal 238)
   defining Unicode char U+00EF (decimal 239)
   defining Unicode char U+00F0 (decimal 240)
   defining Unicode char U+00F1 (decimal 241)
   defining Unicode char U+00F2 (decimal 242)
   defining Unicode char U+00F3 (decimal 243)
   defining Unicode char U+00F4 (decimal 244)
   defining Unicode char U+00F5 (decimal 245)
   defining Unicode char U+00F6 (decimal 246)
   defining Unicode char U+00F8 (decimal 248)
   defining Unicode char U+00F9 (decimal 249)
   defining Unicode char U+00FA (decimal 250)
   defining Unicode char U+00FB (decimal 251)
   defining Unicode char U+00FC (decimal 252)
   defining Unicode char U+00FD (decimal 253)
   defining Unicode char U+00FE (decimal 254)
   defining Unicode char U+00FF (decimal 255)
   defining Unicode char U+0100 (decimal 256)
   defining Unicode char U+0101 (decimal 257)
   defining Unicode char U+0102 (decimal 258)
   defining Unicode char U+0103 (decimal 259)
   defining Unicode char U+0104 (decimal 260)
   defining Unicode char U+0105 (decimal 261)
   defining Unicode char U+0106 (decimal 262)
   defining Unicode char U+0107 (decimal 263)
   defining Unicode char U+0108 (decimal 264)
   defining Unicode char U+0109 (decimal 265)
   defining Unicode char U+010A (decimal 266)
   defining Unicode char U+010B (decimal 267)
   defining Unicode char U+010C (decimal 268)
   defining Unicode char U+010D (decimal 269)
   defining Unicode char U+010E (decimal 270)
   defining Unicode char U+010F (decimal 271)
   defining Unicode char U+0110 (decimal 272)
   defining Unicode char U+0111 (decimal 273)
   defining Unicode char U+0112 (decimal 274)
   defining Unicode char U+0113 (decimal 275)
   defining Unicode char U+0114 (decimal 276)
   defining Unicode char U+0115 (decimal 277)
   defining Unicode char U+0116 (decimal 278)
   defining Unicode char U+0117 (decimal 279)
   defining Unicode char U+0118 (decimal 280)
   defining Unicode char U+0119 (decimal 281)
   defining Unicode char U+011A (decimal 282)
   defining Unicode char U+011B (decimal 283)
   defining Unicode char U+011C (decimal 284)
   defining Unicode char U+011D (decimal 285)
   defining Unicode char U+011E (decimal 286)
   defining Unicode char U+011F (decimal 287)
   defining Unicode char U+0120 (decimal 288)
   defining Unicode char U+0121 (decimal 289)
   defining Unicode char U+0122 (decimal 290)
   defining Unicode char U+0123 (decimal 291)
   defining Unicode char U+0124 (decimal 292)
   defining Unicode char U+0125 (decimal 293)
   defining Unicode char U+0128 (decimal 296)
   defining Unicode char U+0129 (decimal 297)
   defining Unicode char U+012A (decimal 298)
   defining Unicode char U+012B (decimal 299)
   defining Unicode char U+012C (decimal 300)
   defining Unicode char U+012D (decimal 301)
   defining Unicode char U+012E (decimal 302)
   defining Unicode char U+012F (decimal 303)
   defining Unicode char U+0130 (decimal 304)
   defining Unicode char U+0131 (decimal 305)
   defining Unicode char U+0132 (decimal 306)
   defining Unicode char U+0133 (decimal 307)
   defining Unicode char U+0134 (decimal 308)
   defining Unicode char U+0135 (decimal 309)
   defining Unicode char U+0136 (decimal 310)
   defining Unicode char U+0137 (decimal 311)
   defining Unicode char U+0139 (decimal 313)
   defining Unicode char U+013A (decimal 314)
   defining Unicode char U+013B (decimal 315)
   defining Unicode char U+013C (decimal 316)
   defining Unicode char U+013D (decimal 317)
   defining Unicode char U+013E (decimal 318)
   defining Unicode char U+0141 (decimal 321)
   defining Unicode char U+0142 (decimal 322)
   defining Unicode char U+0143 (decimal 323)
   defining Unicode char U+0144 (decimal 324)
   defining Unicode char U+0145 (decimal 325)
   defining Unicode char U+0146 (decimal 326)
   defining Unicode char U+0147 (decimal 327)
   defining Unicode char U+0148 (decimal 328)
   defining Unicode char U+014A (decimal 330)
   defining Unicode char U+014B (decimal 331)
   defining Unicode char U+014C (decimal 332)
   defining Unicode char U+014D (decimal 333)
   defining Unicode char U+014E (decimal 334)
   defining Unicode char U+014F (decimal 335)
   defining Unicode char U+0150 (decimal 336)
   defining Unicode char U+0151 (decimal 337)
   defining Unicode char U+0152 (decimal 338)
   defining Unicode char U+0153 (decimal 339)
   defining Unicode char U+0154 (decimal 340)
   defining Unicode char U+0155 (decimal 341)
   defining Unicode char U+0156 (decimal 342)
   defining Unicode char U+0157 (decimal 343)
   defining Unicode char U+0158 (decimal 344)
   defining Unicode char U+0159 (decimal 345)
   defining Unicode char U+015A (decimal 346)
   defining Unicode char U+015B (decimal 347)
   defining Unicode char U+015C (decimal 348)
   defining Unicode char U+015D (decimal 349)
   defining Unicode char U+015E (decimal 350)
   defining Unicode char U+015F (decimal 351)
   defining Unicode char U+0160 (decimal 352)
   defining Unicode char U+0161 (decimal 353)
   defining Unicode char U+0162 (decimal 354)
   defining Unicode char U+0163 (decimal 355)
   defining Unicode char U+0164 (decimal 356)
   defining Unicode char U+0165 (decimal 357)
   defining Unicode char U+0168 (decimal 360)
   defining Unicode char U+0169 (decimal 361)
   defining Unicode char U+016A (decimal 362)
   defining Unicode char U+016B (decimal 363)
   defining Unicode char U+016C (decimal 364)
   defining Unicode char U+016D (decimal 365)
   defining Unicode char U+016E (decimal 366)
   defining Unicode char U+016F (decimal 367)
   defining Unicode char U+0170 (decimal 368)
   defining Unicode char U+0171 (decimal 369)
   defining Unicode char U+0172 (decimal 370)
   defining Unicode char U+0173 (decimal 371)
   defining Unicode char U+0174 (decimal 372)
   defining Unicode char U+0175 (decimal 373)
   defining Unicode char U+0176 (decimal 374)
   defining Unicode char U+0177 (decimal 375)
   defining Unicode char U+0178 (decimal 376)
   defining Unicode char U+0179 (decimal 377)
   defining Unicode char U+017A (decimal 378)
   defining Unicode char U+017B (decimal 379)
   defining Unicode char U+017C (decimal 380)
   defining Unicode char U+017D (decimal 381)
   defining Unicode char U+017E (decimal 382)
   defining Unicode char U+01CD (decimal 461)
   defining Unicode char U+01CE (decimal 462)
   defining Unicode char U+01CF (decimal 463)
   defining Unicode char U+01D0 (decimal 464)
   defining Unicode char U+01D1 (decimal 465)
   defining Unicode char U+01D2 (decimal 466)
   defining Unicode char U+01D3 (decimal 467)
   defining Unicode char U+01D4 (decimal 468)
   defining Unicode char U+01E2 (decimal 482)
   defining Unicode char U+01E3 (decimal 483)
   defining Unicode char U+01E6 (decimal 486)
   defining Unicode char U+01E7 (decimal 487)
   defining Unicode char U+01E8 (decimal 488)
   defining Unicode char U+01E9 (decimal 489)
   defining Unicode char U+01EA (decimal 490)
   defining Unicode char U+01EB (decimal 491)
   defining Unicode char U+01F0 (decimal 496)
   defining Unicode char U+01F4 (decimal 500)
   defining Unicode char U+01F5 (decimal 501)
   defining Unicode char U+0218 (decimal 536)
   defining Unicode char U+0219 (decimal 537)
   defining Unicode char U+021A (decimal 538)
   defining Unicode char U+021B (decimal 539)
   defining Unicode char U+0232 (decimal 562)
   defining Unicode char U+0233 (decimal 563)
   defining Unicode char U+1E02 (decimal 7682)
   defining Unicode char U+1E03 (decimal 7683)
   defining Unicode char U+200C (decimal 8204)
   defining Unicode char U+2010 (decimal 8208)
   defining Unicode char U+2011 (decimal 8209)
   defining Unicode char U+2012 (decimal 8210)
   defining Unicode char U+2013 (decimal 8211)
   defining Unicode char U+2014 (decimal 8212)
   defining Unicode char U+2015 (decimal 8213)
   defining Unicode char U+2018 (decimal 8216)
   defining Unicode char U+2019 (decimal 8217)
   defining Unicode char U+201A (decimal 8218)
   defining Unicode char U+201C (decimal 8220)
   defining Unicode char U+201D (decimal 8221)
   defining Unicode char U+201E (decimal 8222)
   defining Unicode char U+2030 (decimal 8240)
   defining Unicode char U+2031 (decimal 8241)
   defining Unicode char U+2039 (decimal 8249)
   defining Unicode char U+203A (decimal 8250)
   defining Unicode char U+2423 (decimal 9251)
   defining Unicode char U+1E20 (decimal 7712)
   defining Unicode char U+1E21 (decimal 7713)
)
Now handling font encoding OT1 ...
... processing UTF-8 mapping file for font encoding OT1
 (E:\Miktex2\tex\latex\base\ot1enc.dfu
File: ot1enc.dfu 2017/01/28 v1.1t UTF-8 support for inputenc
   defining Unicode char U+00A0 (decimal 160)
   defining Unicode char U+00A1 (decimal 161)
   defining Unicode char U+00A3 (decimal 163)
   defining Unicode char U+00AD (decimal 173)
   defining Unicode char U+00B8 (decimal 184)
   defining Unicode char U+00BF (decimal 191)
   defining Unicode char U+00C5 (decimal 197)
   defining Unicode char U+00C6 (decimal 198)
   defining Unicode char U+00D8 (decimal 216)
   defining Unicode char U+00DF (decimal 223)
   defining Unicode char U+00E6 (decimal 230)
   defining Unicode char U+00EC (decimal 236)
   defining Unicode char U+00ED (decimal 237)
   defining Unicode char U+00EE (decimal 238)
   defining Unicode char U+00EF (decimal 239)
   defining Unicode char U+00F8 (decimal 248)
   defining Unicode char U+0131 (decimal 305)
   defining Unicode char U+0141 (decimal 321)
   defining Unicode char U+0142 (decimal 322)
   defining Unicode char U+0152 (decimal 338)
   defining Unicode char U+0153 (decimal 339)
   defining Unicode char U+0174 (decimal 372)
   defining Unicode char U+0175 (decimal 373)
   defining Unicode char U+0176 (decimal 374)
   defining Unicode char U+0177 (decimal 375)
   defining Unicode char U+0218 (decimal 536)
   defining Unicode char U+0219 (decimal 537)
   defining Unicode char U+021A (decimal 538)
   defining Unicode char U+021B (decimal 539)
   defining Unicode char U+2013 (decimal 8211)
   defining Unicode char U+2014 (decimal 8212)
   defining Unicode char U+2018 (decimal 8216)
   defining Unicode char U+2019 (decimal 8217)
   defining Unicode char U+201C (decimal 8220)
   defining Unicode char U+201D (decimal 8221)
)
Now handling font encoding OMS ...
... processing UTF-8 mapping file for font encoding OMS

(E:\Miktex2\tex\latex\base\omsenc.dfu
File: omsenc.dfu 2017/01/28 v1.1t UTF-8 support for inputenc
   defining Unicode char U+00A7 (decimal 167)
   defining Unicode char U+00B6 (decimal 182)
   defining Unicode char U+00B7 (decimal 183)
   defining Unicode char U+2020 (decimal 8224)
   defining Unicode char U+2021 (decimal 8225)
   defining Unicode char U+2022 (decimal 8226)
)
Now handling font encoding OMX ...
... no UTF-8 mapping file for font encoding OMX
Now handling font encoding U ...
... no UTF-8 mapping file for font encoding U
Now handling font encoding PD1 ...
... no UTF-8 mapping file for font encoding PD1
Now handling font encoding TS1 ...
... processing UTF-8 mapping file for font encoding TS1
 (E:\Miktex2\tex\latex\base\ts1enc.dfu
File: ts1enc.dfu 2017/01/28 v1.1t UTF-8 support for inputenc
   defining Unicode char U+00A2 (decimal 162)
   defining Unicode char U+00A3 (decimal 163)
   defining Unicode char U+00A4 (decimal 164)
   defining Unicode char U+00A5 (decimal 165)
   defining Unicode char U+00A6 (decimal 166)
   defining Unicode char U+00A7 (decimal 167)
   defining Unicode char U+00A8 (decimal 168)
   defining Unicode char U+00A9 (decimal 169)
   defining Unicode char U+00AA (decimal 170)
   defining Unicode char U+00AC (decimal 172)
   defining Unicode char U+00AE (decimal 174)
   defining Unicode char U+00AF (decimal 175)
   defining Unicode char U+00B0 (decimal 176)
   defining Unicode char U+00B1 (decimal 177)
   defining Unicode char U+00B2 (decimal 178)
   defining Unicode char U+00B3 (decimal 179)
   defining Unicode char U+00B4 (decimal 180)
   defining Unicode char U+00B5 (decimal 181)
   defining Unicode char U+00B6 (decimal 182)
   defining Unicode char U+00B7 (decimal 183)
   defining Unicode char U+00B9 (decimal 185)
   defining Unicode char U+00BA (decimal 186)
   defining Unicode char U+00BC (decimal 188)
   defining Unicode char U+00BD (decimal 189)
   defining Unicode char U+00BE (decimal 190)
   defining Unicode char U+00D7 (decimal 215)
   defining Unicode char U+00F7 (decimal 247)
   defining Unicode char U+0192 (decimal 402)
   defining Unicode char U+02C7 (decimal 711)
   defining Unicode char U+02D8 (decimal 728)
   defining Unicode char U+02DD (decimal 733)
   defining Unicode char U+0E3F (decimal 3647)
   defining Unicode char U+2016 (decimal 8214)
   defining Unicode char U+2020 (decimal 8224)
   defining Unicode char U+2021 (decimal 8225)
   defining Unicode char U+2022 (decimal 8226)
   defining Unicode char U+2030 (decimal 8240)
   defining Unicode char U+2031 (decimal 8241)
   defining Unicode char U+203B (decimal 8251)
   defining Unicode char U+203D (decimal 8253)
   defining Unicode char U+2044 (decimal 8260)
   defining Unicode char U+204E (decimal 8270)
   defining Unicode char U+2052 (decimal 8274)
   defining Unicode char U+20A1 (decimal 8353)
   defining Unicode char U+20A4 (decimal 8356)
   defining Unicode char U+20A6 (decimal 8358)
   defining Unicode char U+20A9 (decimal 8361)
   defining Unicode char U+20AB (decimal 8363)
   defining Unicode char U+20AC (decimal 8364)
   defining Unicode char U+20B1 (decimal 8369)
   defining Unicode char U+2103 (decimal 8451)
   defining Unicode char U+2116 (decimal 8470)
   defining Unicode char U+2117 (decimal 8471)
   defining Unicode char U+211E (decimal 8478)
   defining Unicode char U+2120 (decimal 8480)
   defining Unicode char U+2122 (decimal 8482)
   defining Unicode char U+2126 (decimal 8486)
   defining Unicode char U+2127 (decimal 8487)
   defining Unicode char U+212E (decimal 8494)
   defining Unicode char U+2190 (decimal 8592)
   defining Unicode char U+2191 (decimal 8593)
   defining Unicode char U+2192 (decimal 8594)
   defining Unicode char U+2193 (decimal 8595)
   defining Unicode char U+2329 (decimal 9001)
   defining Unicode char U+232A (decimal 9002)
   defining Unicode char U+2422 (decimal 9250)
   defining Unicode char U+25E6 (decimal 9702)
   defining Unicode char U+25EF (decimal 9711)
   defining Unicode char U+266A (decimal 9834)
)
   defining Unicode char U+00A9 (decimal 169)
   defining Unicode char U+00AA (decimal 170)
   defining Unicode char U+00AE (decimal 174)
   defining Unicode char U+00BA (decimal 186)
   defining Unicode char U+02C6 (decimal 710)
   defining Unicode char U+02DC (decimal 732)
   defining Unicode char U+200C (decimal 8204)
   defining Unicode char U+2026 (decimal 8230)
   defining Unicode char U+2122 (decimal 8482)
   defining Unicode char U+2423 (decimal 9251)
)) (E:\Miktex2\tex\latex\base\fontenc.sty
Package: fontenc 2017/04/05 v2.0i Standard LaTeX package
 (E:\Miktex2\tex\latex\base\t1enc.def
File: t1enc.def 2017/04/05 v2.0i Standard LaTeX file
LaTeX Font Info:    Redeclaring font encoding T1 on input line 48.
))
(E:\Miktex2\tex\latex\ae\ae.sty
Package: ae 2001/02/12 1.3 Almost European Computer Modern
 (E:\Miktex2\tex\latex\base\fontenc.sty
Package: fontenc 2017/04/05 v2.0i Standard LaTeX package

(E:\Miktex2\tex\latex\base\t1enc.def
File: t1enc.def 2017/04/05 v2.0i Standard LaTeX file
LaTeX Font Info:    Redeclaring font encoding T1 on input line 48.
)
LaTeX Font Info:    Try loading font information for T1+aer on input line 105.
 (E:\Miktex2\tex\latex\ae\t1aer.fd
File: t1aer.fd 1997/11/16 Font definitions for T1/aer.
)))
(E:\Miktex2\tex\latex\ae\aecompl.sty
Package: aecompl 1998/07/23 0.9 T1 Complements for AE fonts (D. Roegel)
)
(C:\Users\Robin\AppData\Roaming\MiKTeX\2.9\tex\latex\natbib\natbib.sty
Package: natbib 2010/09/13 8.31b (PWD, AO)
\bibhang=\skip75
\bibsep=\skip76
LaTeX Info: Redefining \cite on input line 694.
\c@NAT@ctr=\count281
)
(C:\Users\Robin\AppData\Roaming\MiKTeX\2.9\tex\latex\csquotes\csquotes.sty
Package: csquotes 2017/03/11 v5.2b context-sensitive quotations (JAW)
\csq@reset=\count282
\csq@gtype=\count283
\csq@glevel=\count284
\csq@qlevel=\count285
\csq@maxlvl=\count286
\csq@tshold=\count287
\csq@ltx@everypar=\toks28

(C:\Users\Robin\AppData\Roaming\MiKTeX\2.9\tex\latex\csquotes\csquotes.def
File: csquotes.def 2017/03/11 v5.2b csquotes generic definitions (JAW)
)
Package csquotes Info: Trying to load configuration file 'csquotes.cfg'...
Package csquotes Info: ... configuration file loaded successfully.

(C:\Users\Robin\AppData\Roaming\MiKTeX\2.9\tex\latex\csquotes\csquotes.cfg
File: csquotes.cfg 
)
Package csquotes Info: Option 'babel' depreciated.
(csquotes)             Using 'autostyle'.
Package csquotes Info: Enabling multilingual quotes.
Package csquotes Info: Redefining alias 'german' -> 'german/quotes'.
)
(C:\Users\Robin\AppData\Roaming\MiKTeX\2.9\tex\latex\breakurl\breakurl.sty
Package: breakurl 2013/04/10 v1.40 Breakable hyperref URLs

(E:\Miktex2\tex\latex\xkeyval\xkeyval.sty
Package: xkeyval 2014/12/03 v2.7a package option processing (HA)

(E:\Miktex2\tex\generic\xkeyval\xkeyval.tex
(E:\Miktex2\tex\generic\xkeyval\xkvutils.tex
\XKV@toks=\toks29
\XKV@tempa@toks=\toks30
)
\XKV@depth=\count288
File: xkeyval.tex 2014/12/03 v2.7a key=value parser (HA)
))

Package breakurl Warning: You are using breakurl while processing via pdflatex.

(breakurl)                \burl will be just a synonym of \url.
(breakurl)                 on input line 48.

) (C:\Users\Robin\AppData\Roaming\MiKTeX\2.9\tex\latex\caption\caption.sty
Package: caption 2016/02/21 v3.3-144 Customizing captions (AR)

(C:\Users\Robin\AppData\Roaming\MiKTeX\2.9\tex\latex\caption\caption3.sty
Package: caption3 2016/05/22 v1.7-166 caption3 kernel (AR)
Package caption3 Info: TeX engine: e-TeX on input line 67.
\captionmargin=\dimen172
\captionmargin@=\dimen173
\captionwidth=\dimen174
\caption@tempdima=\dimen175
\caption@indent=\dimen176
\caption@parindent=\dimen177
\caption@hangindent=\dimen178
)
Package caption Info: KOMA-Script document class.
\c@ContinuedFloat=\count289
Package caption Info: float package is loaded.
Package caption Info: hyperref package is loaded.
Package caption Info: subfigure package is loaded.
)
(C:\Users\Robin\AppData\Roaming\MiKTeX\2.9\tex\latex\booktabs\booktabs.sty
Package: booktabs 2005/04/14 v1.61803 publication quality tables
\heavyrulewidth=\dimen179
\lightrulewidth=\dimen180
\cmidrulewidth=\dimen181
\belowrulesep=\dimen182
\belowbottomsep=\dimen183
\aboverulesep=\dimen184
\abovetopsep=\dimen185
\cmidrulesep=\dimen186
\cmidrulekern=\dimen187
\defaultaddspace=\dimen188
\@cmidla=\count290
\@cmidlb=\count291
\@aboverulesep=\dimen189
\@belowrulesep=\dimen190
\@thisruleclass=\count292
\@lastruleclass=\count293
\@thisrulewidth=\dimen191
)
(E:\Miktex2\tex\latex\eurosym\eurosym.sty
Package: eurosym 1998/08/06 v1.1 European currency symbol ``Euro''
\@eurobox=\box52
)

Class scrbook Warning: Usage of package `fancyhdr' together
(scrbook)              with a KOMA-Script class is not recommended.
(scrbook)              I'd suggest to use 
(scrbook)              package `scrlayer-scrpage'.
(scrbook)              Nevertheless, using requested
(scrbook)              package `fancyhdr' on input line 159.

(C:\Users\Robin\AppData\Roaming\MiKTeX\2.9\tex\latex\fancyhdr\fancyhdr.sty
Package: fancyhdr 2017/06/30 v3.9a Extensive control of page headers and footer
s
\f@nch@headwidth=\skip77
\f@nch@O@elh=\skip78
\f@nch@O@erh=\skip79
\f@nch@O@olh=\skip80
\f@nch@O@orh=\skip81
\f@nch@O@elf=\skip82
\f@nch@O@erf=\skip83
\f@nch@O@olf=\skip84
\f@nch@O@orf=\skip85
)
(C:\Users\Robin\AppData\Roaming\MiKTeX\2.9\tex\latex\fancyhdr\extramarks.sty
Package: extramarks 2017/06/30 v3.9a Extra marks for LaTeX
\@temptokenb=\toks31
)
(C:\Users\Robin\AppData\Roaming\MiKTeX\2.9\tex\latex\listings\listings.sty
\lst@mode=\count294
\lst@gtempboxa=\box53
\lst@token=\toks32
\lst@length=\count295
\lst@currlwidth=\dimen192
\lst@column=\count296
\lst@pos=\count297
\lst@lostspace=\dimen193
\lst@width=\dimen194
\lst@newlines=\count298
\lst@lineno=\count299
\lst@maxwidth=\dimen195

(C:\Users\Robin\AppData\Roaming\MiKTeX\2.9\tex\latex\listings\lstmisc.sty
File: lstmisc.sty 2015/06/04 1.6 (Carsten Heinz)
\c@lstnumber=\count300
\lst@skipnumbers=\count301
\lst@framebox=\box54
)
(C:\Users\Robin\AppData\Roaming\MiKTeX\2.9\tex\latex\listings\listings.cfg
File: listings.cfg 2015/06/04 1.6 listings configuration
))
Package scrhack Info: loading listings hack on input line 194.

(C:\Users\Robin\AppData\Roaming\MiKTeX\2.9\tex\latex\koma-script\listings.hak
File: listings.hak 2017/04/13 v3.23 KOMA-Script package (hacking package listin
gs)
Package tocbasic Info: setting babel extension for `lol' on input line 137.
Package scrhack Info: redefining \lstlistoflistings on input line 137.
)
Package: listings 2015/06/04 1.6 (Carsten Heinz)

(C:\Users\Robin\AppData\Roaming\MiKTeX\2.9\tex\latex\algorithms\algorithm.sty
Package: algorithm 2009/08/24 v0.1 Document Style `algorithm' - floating enviro
nment
Package tocbasic Info: setting babel extension for `loa' on input line 95.
\@float@every@algorithm=\toks33
\c@algorithm=\count302
)
(C:\Users\Robin\AppData\Roaming\MiKTeX\2.9\tex\latex\algorithms\algorithmic.sty
Package: algorithmic 2009/08/24 v0.1 Document Style `algorithmic'
\c@ALC@unique=\count303
\c@ALC@line=\count304
\c@ALC@rem=\count305
\c@ALC@depth=\count306
\ALC@tlm=\skip86
\algorithmicindent=\skip87
) (E:\Miktex2\tex\latex\tools\enumerate.sty
Package: enumerate 2015/07/23 v3.00 enumerate extensions (DPC)
\@enLab=\toks34
)
Package csquotes Info: Checking for multilingual support...
Package csquotes Info: ... found 'babel' package.
 (LS7-Abschlussarbeit.aux
(kapitel/titelseite.aux) (kapitel/notation.aux) (kapitel/einleitung.aux)
(kapitel/kapitel2.aux

LaTeX Warning: Label `fig_pds' multiply defined.


LaTeX Warning: Label `fig_hochstspannungsnetz' multiply defined.


LaTeX Warning: Label `fig_hochstspannungsnetz2' multiply defined.


LaTeX Warning: Label `fig_europastromnetz' multiply defined.


LaTeX Warning: Label `fig_erdseil' multiply defined.


LaTeX Warning: Label `fig_einfachergraph' multiply defined.


LaTeX Warning: Label `fig_testbild2' multiply defined.


LaTeX Warning: Label `fig_planar1' multiply defined.


LaTeX Warning: Label `sub@fig_planar1' multiply defined.


LaTeX Warning: Label `fig_planar2' multiply defined.


LaTeX Warning: Label `sub@fig_planar2' multiply defined.


LaTeX Warning: Label `fig_testbild2' multiply defined.


LaTeX Warning: Label `fig_planar1' multiply defined.


LaTeX Warning: Label `sub@fig_planar1' multiply defined.


LaTeX Warning: Label `fig_planar2' multiply defined.


LaTeX Warning: Label `sub@fig_planar2' multiply defined.


LaTeX Warning: Label `fig_testbild2' multiply defined.


LaTeX Warning: Label `fig_knotenplacement' multiply defined.


LaTeX Warning: Label `fig_dortmundmap' multiply defined.


LaTeX Warning: Label `fig_labelplacements' multiply defined.

) (kapitel/kapitel3.aux

LaTeX Warning: Label `fig_testbild2' multiply defined.


LaTeX Warning: Label `Kapitel_3_-_Unterkapitel_2' multiply defined.


LaTeX Warning: Label `fig_testbild2' multiply defined.

) (kapitel/kapitel4.aux

LaTeX Warning: Label `fig_dortmundmap' multiply defined.


LaTeX Warning: Label `fig_dortmundmap' multiply defined.


LaTeX Warning: Label `fig_dortmundmap' multiply defined.


LaTeX Warning: Label `fig_dortmundmap' multiply defined.


LaTeX Warning: Label `fig_dortmundmap' multiply defined.


LaTeX Warning: Label `fig_dortmundmap' multiply defined.


LaTeX Warning: Label `fig_dortmundmap' multiply defined.


LaTeX Warning: Label `fig_dortmundmap' multiply defined.


LaTeX Warning: Label `fig_dortmundmap' multiply defined.


LaTeX Warning: Label `fig_dortmundmap' multiply defined.


LaTeX Warning: Label `fig_dortmundmap' multiply defined.


LaTeX Warning: Label `fig_dortmundmap' multiply defined.


LaTeX Warning: Label `fig_planar1' multiply defined.


LaTeX Warning: Label `sub@fig_planar1' multiply defined.


LaTeX Warning: Label `fig_planar2' multiply defined.


LaTeX Warning: Label `sub@fig_planar2' multiply defined.


LaTeX Warning: Label `fig_testbild2' multiply defined.

) (kapitel/anhang.aux))
\openout1 = `LS7-Abschlussarbeit.aux'.

LaTeX Font Info:    Checking defaults for OML/cmm/m/it on input line 230.
LaTeX Font Info:    ... okay on input line 230.
LaTeX Font Info:    Checking defaults for T1/cmr/m/n on input line 230.
LaTeX Font Info:    ... okay on input line 230.
LaTeX Font Info:    Checking defaults for OT1/cmr/m/n on input line 230.
LaTeX Font Info:    ... okay on input line 230.
LaTeX Font Info:    Checking defaults for OMS/cmsy/m/n on input line 230.
LaTeX Font Info:    ... okay on input line 230.
LaTeX Font Info:    Checking defaults for OMX/cmex/m/n on input line 230.
LaTeX Font Info:    ... okay on input line 230.
LaTeX Font Info:    Checking defaults for U/cmr/m/n on input line 230.
LaTeX Font Info:    ... okay on input line 230.
LaTeX Font Info:    Checking defaults for PD1/pdf/m/n on input line 230.
LaTeX Font Info:    ... okay on input line 230.
LaTeX Font Info:    Checking defaults for TS1/cmr/m/n on input line 230.
LaTeX Font Info:    ... okay on input line 230.

(C:\Users\Robin\AppData\Roaming\MiKTeX\2.9\tex\context\base\supp-pdf.mkii
[Loading MPS to PDF converter (version 2006.09.02).]
\scratchcounter=\count307
\scratchdimen=\dimen196
\scratchbox=\box55
\nofMPsegments=\count308
\nofMParguments=\count309
\everyMPshowfont=\toks35
\MPscratchCnt=\count310
\MPscratchDim=\dimen197
\MPnumerator=\count311
\makeMPintoPDFobject=\count312
\everyMPtoPDFconversion=\toks36
) (E:\Miktex2\tex\latex\oberdiek\epstopdf-base.sty
Package: epstopdf-base 2016/05/15 v2.6 Base part for package epstopdf

(E:\Miktex2\tex\latex\oberdiek\grfext.sty
Package: grfext 2016/05/16 v1.2 Manage graphics extensions (HO)
)
Package epstopdf-base Info: Redefining graphics rule for `.eps' on input line 4
38.
Package grfext Info: Graphics extension search list:
(grfext)             [.pdf,.jpg,.png,.eps]
(grfext)             \AppendGraphicsExtensions on input line 456.
)
\AtBeginShipoutBox=\box56
Package hyperref Info: Link coloring OFF on input line 230.

(E:\Miktex2\tex\latex\hyperref\nameref.sty
Package: nameref 2016/05/21 v2.44 Cross-referencing by name of section

(E:\Miktex2\tex\generic\oberdiek\gettitlestring.sty
Package: gettitlestring 2016/05/16 v1.5 Cleanup title references (HO)
)
\c@section@level=\count313
)
LaTeX Info: Redefining \ref on input line 230.
LaTeX Info: Redefining \pageref on input line 230.
LaTeX Info: Redefining \nameref on input line 230.
 (LS7-Abschlussarbeit.out) (LS7-Abschlussarbeit.out)
\@outlinefile=\write3
\openout3 = `LS7-Abschlussarbeit.out'.

 (E:\Miktex2\tex\latex\oberdiek\pdflscape.sty
Package: pdflscape 2016/05/14 v0.11 Display of landscape pages in PDF (HO)

(E:\Miktex2\tex\latex\graphics\lscape.sty
Package: lscape 2000/10/22 v3.01 Landscape Pages (DPC)
)
Package scrhack Info: loading lscape hack on input line 76.

(C:\Users\Robin\AppData\Roaming\MiKTeX\2.9\tex\latex\koma-script\lscape.hak
File: lscape.hak 2017/04/13 v3.23 KOMA-Script package (hacking package lscape)
Package scrhack Info: \landscape patched to make \textheight change optional on
 input line 90.
\scrh@LT@textheight=\skip88
))
*geometry* detected driver: pdftex
*geometry* verbose mode - [ preamble ] result:
* driver: pdftex
* paper: a4paper
* layout: <same size as paper>
* layoutoffset:(h,v)=(0.0pt,0.0pt)
* modes: twoside 
* h-part:(L,W,R)=(99.58464pt, 426.79135pt, 71.13188pt)
* v-part:(T,H,B)=(85.35826pt, 660.10394pt, 99.58464pt)
* \paperwidth=597.50787pt
* \paperheight=845.04684pt
* \textwidth=426.79135pt
* \textheight=660.10394pt
* \oddsidemargin=27.31465pt
* \evensidemargin=-1.1381pt
* \topmargin=-26.78673pt
* \headheight=15.0pt
* \headsep=21.75pt
* \topskip=12.0pt
* \footskip=50.75pt
* \marginparwidth=74.68849pt
* \marginparsep=12.8401pt
* \columnsep=10.0pt
* \skip\footins=10.8pt plus 4.0pt minus 2.0pt
* \hoffset=0.0pt
* \voffset=0.0pt
* \mag=1000
* \@twocolumnfalse
* \@twosidetrue
* \@mparswitchtrue
* \@reversemarginfalse
* (1in=72.27pt=25.4mm, 1cm=28.453pt)

ABD: EveryShipout initializing macros
Package caption Info: Begin \AtBeginDocument code.
Package caption Info: listings package is loaded.
Package caption Info: End \AtBeginDocument code.
\c@lstlisting=\count314
Package scrhack Info: undefining \float@addtolists on input line 230.
\openout2 = `kapitel/titelseite.aux'.

 (kapitel/titelseite.tex
<bilder/tud_logo_cmyk.pdf, id=90, 338.90414pt x 54.59576pt>
File: bilder/tud_logo_cmyk.pdf Graphic file (type pdf)

<use bilder/tud_logo_cmyk.pdf>
Package pdftex.def Info: bilder/tud_logo_cmyk.pdf used on input line 9.
(pdftex.def)             Requested size: 236.86919pt x 38.15929pt.
LaTeX Font Info:    Try loading font information for T1+aess on input line 14.
 (E:\Miktex2\tex\latex\ae\t1aess.fd
File: t1aess.fd 1997/11/16 Font definitions for T1/aess.
)
<bilder/fi_text.pdf, id=91, 255.95625pt x 18.0675pt>
File: bilder/fi_text.pdf Graphic file (type pdf)
 <use bilder/fi_text.pdf>
Package pdftex.def Info: bilder/fi_text.pdf used on input line 19.
(pdftex.def)             Requested size: 256.0748pt x 18.07709pt.
LaTeX Font Info:    Try loading font information for U+msa on input line 43.

(E:\Miktex2\tex\latex\amsfonts\umsa.fd
File: umsa.fd 2013/01/14 v3.01 AMS symbols A
)
LaTeX Font Info:    Try loading font information for U+msb on input line 43.
 (E:\Miktex2\tex\latex\amsfonts\umsb.fd
File: umsb.fd 2013/01/14 v3.01 AMS symbols B
)

Package hyperref Warning: Token not allowed in a PDF string (PDFDocEncoding):
(hyperref)                removing `\@alpha' on input line 101.


Package hyperref Warning: Token not allowed in a PDF string (PDFDocEncoding):
(hyperref)                removing `\c@page' on input line 101.


Package hyperref Warning: Token not allowed in a PDF string (PDFDocEncoding):
(hyperref)                removing `\@alpha' on input line 101.


Package hyperref Warning: Token not allowed in a PDF string (PDFDocEncoding):
(hyperref)                removing `\c@page' on input line 101.

[1




{C:/ProgramData/MiKTeX/2.9/pdftex/config/pdftex.map} <./bilder/tud_logo_cmyk.pd
f> <./bilder/fi_text.pdf>])

Package hyperref Warning: Token not allowed in a PDF string (PDFDocEncoding):
(hyperref)                removing `\@alpha' on input line 235.


Package hyperref Warning: Token not allowed in a PDF string (PDFDocEncoding):
(hyperref)                removing `\c@page' on input line 235.


Package hyperref Warning: Token not allowed in a PDF string (PDFDocEncoding):
(hyperref)                removing `\@alpha' on input line 235.


Package hyperref Warning: Token not allowed in a PDF string (PDFDocEncoding):
(hyperref)                removing `\c@page' on input line 235.

pdfTeX warning (ext4): destination with the same identifier (name{page.}) has b
een already used, duplicate ignored
<to be read again> 
                   \relax 
l.235 \pagestyle{empty} \cleardoublepage
                                         [2



] (LS7-Abschlussarbeit.toc)
\tf@toc=\write4
\openout4 = `LS7-Abschlussarbeit.toc'.

 [1


]
[2


]
\openout2 = `kapitel/notation.aux'.

 (kapitel/notation.tex) [1



] [2



]
\openout2 = `kapitel/einleitung.aux'.

 (kapitel/einleitung.tex
chapter 1.
<bilder/hochstspannungsnetz.png, id=155, 561.59813pt x 746.03719pt>
File: bilder/hochstspannungsnetz.png Graphic file (type png)

<use bilder/hochstspannungsnetz.png>
Package pdftex.def Info: bilder/hochstspannungsnetz.png used on input line 18.
(pdftex.def)             Requested size: 280.79837pt x 373.01767pt.

<bilder/metromapsinga.jpg, id=157, 552.0625pt x 317.185pt>
File: bilder/metromapsinga.jpg Graphic file (type jpg)

<use bilder/metromapsinga.jpg>
Package pdftex.def Info: bilder/metromapsinga.jpg used on input line 25.
(pdftex.def)             Requested size: 276.03056pt x 158.5921pt.
) [3



] [4 <./bilder/hochstspannungsnetz.png> <./bilder/metromapsinga.jpg>]
\openout2 = `kapitel/kapitel2.aux'.

 (kapitel/kapitel2.tex [5




] [6


]
chapter 2.
<bilder/pds.jpg, id=180, 474.27188pt x 289.08pt>
File: bilder/pds.jpg Graphic file (type jpg)
 <use bilder/pds.jpg>
Package pdftex.def Info: bilder/pds.jpg used on input line 14.
(pdftex.def)             Requested size: 426.84074pt x 260.16959pt.

<bilder/nieder.jpg, id=181, 358.33875pt x 255.95625pt>
File: bilder/nieder.jpg Graphic file (type jpg)
 <use bilder/nieder.jpg>
Package pdftex.def Info: bilder/nieder.jpg used on input line 24.
(pdftex.def)             Requested size: 53.74849pt x 38.39177pt.

Underfull \hbox (badness 10000) in paragraph at lines 24--24
[]\T1/aer/m/n/10 (a) Nie-der-
 []


Underfull \hbox (badness 10000) in paragraph at lines 24--24
\T1/aer/m/n/10 span-nungs-
 []

<bilder/mittelspannungsleiter.jpg, id=182, 451.6875pt x 602.25pt>
File: bilder/mittelspannungsleiter.jpg Graphic file (type jpg)

<use bilder/mittelspannungsleiter.jpg>
Package pdftex.def Info: bilder/mittelspannungsleiter.jpg used on input line 28
.
(pdftex.def)             Requested size: 112.92159pt x 150.56212pt.

<bilder/hochspannungsleitungen.jpg, id=183, 471.7625pt x 354.32375pt>
File: bilder/hochspannungsleitungen.jpg Graphic file (type jpg)

<use bilder/hochspannungsleitungen.jpg>
Package pdftex.def Info: bilder/hochspannungsleitungen.jpg used on input line 3
2.
(pdftex.def)             Requested size: 141.52983pt x 106.29794pt.

<bilder/Reptcheque_HT.jpg, id=184, 823.075pt x 419.5675pt>
File: bilder/Reptcheque_HT.jpg Graphic file (type jpg)

<use bilder/Reptcheque_HT.jpg>
Package pdftex.def Info: bilder/Reptcheque_HT.jpg used on input line 36.
(pdftex.def)             Requested size: 164.61208pt x 83.912pt.

Underfull \hbox (badness 1533) in paragraph at lines 36--36
[]\T1/aer/m/n/10 (d) mo-der-ni-sier-ter Hchst-span-nungs-
 []

File: bilder/hochstspannungsnetz.png Graphic file (type png)
<use bilder/hochstspannungsnetz.png>
Package pdftex.def Info: bilder/hochstspannungsnetz.png used on input line 48.
(pdftex.def)             Requested size: 280.79837pt x 373.01767pt.

<bilder/europastromnetz.jpg, id=185, 410.9754pt x 418.2024pt>
File: bilder/europastromnetz.jpg Graphic file (type jpg)

<use bilder/europastromnetz.jpg>
Package pdftex.def Info: bilder/europastromnetz.jpg used on input line 55.
(pdftex.def)             Requested size: 369.87444pt x 376.37868pt.

<bilder/erdseil.jpg, id=186, 803.0pt x 542.025pt>
File: bilder/erdseil.jpg Graphic file (type jpg)
 <use bilder/erdseil.jpg>
Package pdftex.def Info: bilder/erdseil.jpg used on input line 63.
(pdftex.def)             Requested size: 401.49902pt x 271.01183pt.

Underfull \hbox (badness 10000) in paragraph at lines 81--82

 []


Underfull \vbox (badness 1248) has occurred while \output is active []

 [7]
LaTeX Font Info:    Try loading font information for OMS+aer on input line 85.

(E:\Miktex2\tex\latex\ae\omsaer.fd
File: omsaer.fd 1999/12/27
)
LaTeX Font Info:    Font shape `OMS/aer/m/n' in size <12> not available
(Font)              Font shape `OMS/cmsy/m/n' tried instead on input line 85.

Overfull \hbox (4.68858pt too wide) in paragraph at lines 91--92
[]\T1/aer/m/n/12 In Deutsch-land wer-den die Hchst-span-nungs-lei-tun-gen mit 
$\OT1/cmr/m/n/12 380000\OML/cmm/m/it/12 V$ \T1/aer/m/n/12 oder mit $\OT1/cmr/m/
n/12 220000\OML/cmm/m/it/12 V$
 []

[8 <./bilder/pds.jpg>]
Underfull \hbox (badness 10000) in paragraph at lines 95--96

 []


Underfull \vbox (badness 1661) has occurred while \output is active []

 [9 <./bilder/nieder.jpg> <./bilder/mittelspannungsleiter.jpg> <./bilder/hochsp
annungsleitungen.jpg> <./bilder/Reptcheque_HT.jpg>] [10]
Underfull \vbox (badness 1867) has occurred while \output is active []

 [11 <./bilder/europastromnetz.jpg>]
Underfull \hbox (badness 10000) in paragraph at lines 128--129

 []

[12 <./bilder/erdseil.jpg>]
Underfull \hbox (badness 10000) in paragraph at lines 139--140

 []

<bilder/einfachergraph.jpg, id=222, 490.08093pt x 327.47343pt>
File: bilder/einfachergraph.jpg Graphic file (type jpg)

<use bilder/einfachergraph.jpg>
Package pdftex.def Info: bilder/einfachergraph.jpg used on input line 143.
(pdftex.def)             Requested size: 245.03987pt x 163.73631pt.

<bilder/planargraph1.jpg, id=223, 225.09094pt x 197.98969pt>
File: bilder/planargraph1.jpg Graphic file (type jpg)

<use bilder/planargraph1.jpg>
Package pdftex.def Info: bilder/planargraph1.jpg used on input line 154.
(pdftex.def)             Requested size: 112.54518pt x 98.9946pt.

<bilder/planargraph3.jpg, id=224, 261.22594pt x 219.06844pt>
File: bilder/planargraph3.jpg Graphic file (type jpg)

<use bilder/planargraph3.jpg>
Package pdftex.def Info: bilder/planargraph3.jpg used on input line 158.
(pdftex.def)             Requested size: 130.61264pt x 109.53394pt.

<bilder/planargraph2.jpg, id=225, 235.63031pt x 197.23688pt>
File: bilder/planargraph2.jpg Graphic file (type jpg)

<use bilder/planargraph2.jpg>
Package pdftex.def Info: bilder/planargraph2.jpg used on input line 162.
(pdftex.def)             Requested size: 117.81487pt x 98.61818pt.

Underfull \hbox (badness 10000) in paragraph at lines 167--168

 []


Underfull \hbox (badness 10000) in paragraph at lines 169--170

 []


Underfull \hbox (badness 10000) in paragraph at lines 171--172

 []


Underfull \hbox (badness 10000) in paragraph at lines 173--174

 []

[13]
Underfull \hbox (badness 10000) in paragraph at lines 175--176

 []


Underfull \hbox (badness 10000) in paragraph at lines 177--178

 []


Underfull \hbox (badness 10000) in paragraph at lines 180--181

 []

[14 <./bilder/einfachergraph.jpg>] [15 <./bilder/planargraph1.jpg> <./bilder/pl
anargraph3.jpg> <./bilder/planargraph2.jpg>]
<bilder/Kartenausschnit2mitknoten.jpg, id=245, 651.18282pt x 486.31688pt>
File: bilder/Kartenausschnit2mitknoten.jpg Graphic file (type jpg)

<use bilder/Kartenausschnit2mitknoten.jpg>
Package pdftex.def Info: bilder/Kartenausschnit2mitknoten.jpg used on input lin
e 192.
(pdftex.def)             Requested size: 260.4685pt x 194.5233pt.

<bilder/ausschnittgraphmitknoten3.jpg, id=246, 555.57562pt x 411.03563pt>
File: bilder/ausschnittgraphmitknoten3.jpg Graphic file (type jpg)

<use bilder/ausschnittgraphmitknoten3.jpg>
Package pdftex.def Info: bilder/ausschnittgraphmitknoten3.jpg used on input lin
e 196.
(pdftex.def)             Requested size: 277.78712pt x 205.5173pt.

Underfull \hbox (badness 10000) in paragraph at lines 204--205

 []

File: bilder/ausschnittgraphmitknoten3.jpg Graphic file (type jpg)
<use bilder/ausschnittgraphmitknoten3.jpg>
Package pdftex.def Info: bilder/ausschnittgraphmitknoten3.jpg used on input lin
e 210.
(pdftex.def)             Requested size: 277.78712pt x 205.5173pt.

<bilder/ausschnittfertigergraph2.jpg, id=247, 570.63188pt x 413.29407pt>
File: bilder/ausschnittfertigergraph2.jpg Graphic file (type jpg)

<use bilder/ausschnittfertigergraph2.jpg>
Package pdftex.def Info: bilder/ausschnittfertigergraph2.jpg used on input line
 214.
(pdftex.def)             Requested size: 285.31525pt x 206.64651pt.

<bilder/knotenplacement.jpg, id=248, 284.56313pt x 282.30469pt>
File: bilder/knotenplacement.jpg Graphic file (type jpg)

<use bilder/knotenplacement.jpg>
Package pdftex.def Info: bilder/knotenplacement.jpg used on input line 224.
(pdftex.def)             Requested size: 142.2812pt x 141.152pt.

Underfull \hbox (badness 10000) in paragraph at lines 230--231

 []

[16]
Underfull \vbox (badness 10000) has occurred while \output is active []

 [17 <./bilder/Kartenausschnit2mitknoten.jpg> <./bilder/ausschnittgraphmitknote
n3.jpg>]
Underfull \vbox (badness 10000) has occurred while \output is active []

 [18 <./bilder/ausschnittfertigergraph2.jpg>]
<bilder/dortmundmap.png, id=268, 1400.23125pt x 904.37875pt>
File: bilder/dortmundmap.png Graphic file (type png)

<use bilder/dortmundmap.png>
Package pdftex.def Info: bilder/dortmundmap.png used on input line 244.
(pdftex.def)             Requested size: 420.07262pt x 271.31572pt.

Overfull \hbox (11.32329pt too wide) in paragraph at lines 246--246
[][]|\T1/aer/m/n/10.95 Dort-mun-der Me-tro-Map [http://www.urbanrail.net/eu/de/
do/dortmund-
 []


Underfull \hbox (badness 10000) in paragraph at lines 250--251

 []


Underfull \hbox (badness 10000) in paragraph at lines 252--253

 []

[19 <./bilder/knotenplacement.jpg>]
<bilder/labelplacements.jpg, id=274, 1531.22063pt x 307.90031pt>
File: bilder/labelplacements.jpg Graphic file (type jpg)

<use bilder/labelplacements.jpg>
Package pdftex.def Info: bilder/labelplacements.jpg used on input line 258.
(pdftex.def)             Requested size: 459.36974pt x 92.3708pt.

Overfull \hbox (32.57838pt too wide) in paragraph at lines 258--259
 [][][] 
 []


Underfull \hbox (badness 10000) in paragraph at lines 260--260
[][]|\T1/aer/m/n/10.95 8 Mg-li-che Plat-zie-run-gen der Be-schrif-tung
 []


Underfull \hbox (badness 10000) in paragraph at lines 260--260
\T1/aer/m/n/10.95 [http://doi.ieeecomputersociety.org/cms/Computer.org/dl/ tran
s/t-
 []


Underfull \hbox (badness 10000) in paragraph at lines 264--265

 []


Underfull \hbox (badness 10000) in paragraph at lines 266--267

 []


Underfull \hbox (badness 10000) in paragraph at lines 268--269

 []


Underfull \vbox (badness 1199) has occurred while \output is active []

 [20 <./bilder/dortmundmap.png (PNG copy)>])
Underfull \vbox (badness 3989) has occurred while \output is active []

 [21 <./bilder/labelplacements.jpg>] [22]
\openout2 = `kapitel/kapitel3.aux'.

 (kapitel/kapitel3.tex
chapter 3.
<bilder/graphfederfirst.jpg, id=290, 195.73125pt x 176.15813pt>
File: bilder/graphfederfirst.jpg Graphic file (type jpg)

<use bilder/graphfederfirst.jpg>
Package pdftex.def Info: bilder/graphfederfirst.jpg used on input line 14.
(pdftex.def)             Requested size: 117.43964pt x 105.69568pt.

Underfull \hbox (badness 1635) in paragraph at lines 14--14
[]\T1/aer/m/n/10 (a) ro-te Kno-ten sind die
 []

<bilder/graphfedersecond.jpg, id=291, 191.9672pt x 182.18062pt>
File: bilder/graphfedersecond.jpg Graphic file (type jpg)

<use bilder/graphfedersecond.jpg>
Package pdftex.def Info: bilder/graphfedersecond.jpg used on input line 18.
(pdftex.def)             Requested size: 115.1812pt x 109.3092pt.

<bilder/graphfederthird.jpg, id=292, 168.63pt x 184.43906pt>
File: bilder/graphfederthird.jpg Graphic file (type jpg)

<use bilder/graphfederthird.jpg>
Package pdftex.def Info: bilder/graphfederthird.jpg used on input line 22.
(pdftex.def)             Requested size: 101.17877pt x 110.66428pt.

Underfull \hbox (badness 10000) in paragraph at lines 22--22
[]\T1/aer/m/n/10 (c) dar-stel-lung als
 []


Underfull \hbox (badness 10000) in paragraph at lines 32--33

 []

[23






]
Underfull \hbox (badness 10000) in paragraph at lines 48--49

 []


Underfull \hbox (badness 10000) in paragraph at lines 61--63

 []

[24 <./bilder/graphfederfirst.jpg> <./bilder/graphfedersecond.jpg> <./bilder/gr
aphfederthird.jpg>]
Underfull \hbox (badness 10000) in paragraph at lines 64--65

 []


Underfull \vbox (badness 10000) has occurred while \output is active []

 [25]
Underfull \hbox (badness 10000) in paragraph at lines 72--73

 []


Underfull \hbox (badness 10000) in paragraph at lines 87--89

 []

[26]
Package hyperref Info: bookmark level for unknown algorithm defaults to 0 on in
put line 108.
 <bilder/kraftfa.png, id=323, 377.15906pt x 310.15875pt>
File: bilder/kraftfa.png Graphic file (type png)

<use bilder/kraftfa.png>
Package pdftex.def Info: bilder/kraftfa.png used on input line 168.
(pdftex.def)             Requested size: 113.14859pt x 93.04834pt.

Underfull \hbox (badness 2197) in paragraph at lines 168--168
[]\T1/aer/m/n/10 (a) an-zie-hen-de Kraft $\OML/cmm/m/it/10 f[]$
 []

<bilder/kraftfr.jpg, id=324, 377.15906pt x 310.15875pt>
File: bilder/kraftfr.jpg Graphic file (type jpg)

<use bilder/kraftfr.jpg>
Package pdftex.def Info: bilder/kraftfr.jpg used on input line 172.
(pdftex.def)             Requested size: 113.14859pt x 93.04834pt.

Underfull \hbox (badness 1796) in paragraph at lines 172--172
[]\T1/aer/m/n/10 (b) ab-sto-en-de Kraft $\OML/cmm/m/it/10 f[]$
 []

<bilder/standardgraph.jpg, id=325, 351.56343pt x 315.42844pt>
File: bilder/standardgraph.jpg Graphic file (type jpg)

<use bilder/standardgraph.jpg>
Package pdftex.def Info: bilder/standardgraph.jpg used on input line 176.
(pdftex.def)             Requested size: 105.46983pt x 94.62926pt.

Underfull \hbox (badness 10000) in paragraph at lines 183--184

 []


Underfull \hbox (badness 10000) in paragraph at lines 185--186

 []

[27]
Underfull \vbox (badness 4660) has occurred while \output is active []

 [28])
[29 <./bilder/kraftfa.png> <./bilder/kraftfr.jpg> <./bilder/standardgraph.jpg>]
[30



]
\openout2 = `kapitel/kapitel4.aux'.

 (kapitel/kapitel4.tex
chapter 4.

Underfull \hbox (badness 10000) in paragraph at lines 9--10

 []

[31



]
<bilder/graph10iterationenreingold.png, id=382, 600.74437pt x 419.31656pt>
File: bilder/graph10iterationenreingold.png Graphic file (type png)

<use bilder/graph10iterationenreingold.png>
Package pdftex.def Info: bilder/graph10iterationenreingold.png used on input li
ne 29.
(pdftex.def)             Requested size: 480.59615pt x 335.45369pt.

Overfull \hbox (53.8048pt too wide) in paragraph at lines 29--30
 [][][] 
 []


Overfull \hbox (5.03801pt too wide) in paragraph at lines 31--31
[][]|\T1/aer/m/n/10.95 Dort-mun-der Me-tro-Map [http://www.urbanrail.net/eu/de/
do/dortmund-
 []

<bilder/graph25iterationenreingold.png, id=383, 614.295pt x 436.63126pt>
File: bilder/graph25iterationenreingold.png Graphic file (type png)

<use bilder/graph25iterationenreingold.png>
Package pdftex.def Info: bilder/graph25iterationenreingold.png used on input li
ne 36.
(pdftex.def)             Requested size: 491.43666pt x 349.30548pt.

Overfull \hbox (64.64531pt too wide) in paragraph at lines 36--37
 [][][] 
 []


Overfull \hbox (5.03801pt too wide) in paragraph at lines 38--38
[][]|\T1/aer/m/n/10.95 Dort-mun-der Me-tro-Map [http://www.urbanrail.net/eu/de/
do/dortmund-
 []

<bilder/graph50iterationenreingold.png, id=384, 618.05907pt x 455.45157pt>
File: bilder/graph50iterationenreingold.png Graphic file (type png)

<use bilder/graph50iterationenreingold.png>
Package pdftex.def Info: bilder/graph50iterationenreingold.png used on input li
ne 43.
(pdftex.def)             Requested size: 494.44792pt x 364.36174pt.

Overfull \hbox (67.65657pt too wide) in paragraph at lines 43--44
 [][][] 
 []


Overfull \hbox (5.03801pt too wide) in paragraph at lines 45--45
[][]|\T1/aer/m/n/10.95 Dort-mun-der Me-tro-Map [http://www.urbanrail.net/eu/de/
do/dortmund-
 []


Underfull \hbox (badness 10000) in paragraph at lines 48--49

 []


Underfull \hbox (badness 10000) in paragraph at lines 50--51

 []


Underfull \hbox (badness 10000) in paragraph at lines 52--53

 []

[32]
Underfull \hbox (badness 10000) in paragraph at lines 54--55

 []

[33 <./bilder/graph10iterationenreingold.png>]
<bilder/graph25iterationenreingoldmodified1.png, id=396, 538.26094pt x 405.7659
3pt>
File: bilder/graph25iterationenreingoldmodified1.png Graphic file (type png)
 <use bilder/graph25iterationenreingoldmodified1.png>
Package pdftex.def Info: bilder/graph25iterationenreingoldmodified1.png used on
 input line 62.
(pdftex.def)             Requested size: 430.60934pt x 324.61317pt.

Overfull \hbox (3.818pt too wide) in paragraph at lines 62--63
 [][][] 
 []


Overfull \hbox (5.03801pt too wide) in paragraph at lines 64--64
[][]|\T1/aer/m/n/10.95 Dort-mun-der Me-tro-Map [http://www.urbanrail.net/eu/de/
do/dortmund-
 []


Underfull \vbox (badness 10000) has occurred while \output is active []

 [34 <./bilder/graph25iterationenreingold.png>]
<bilder/graph50iterationenreingoldmodified1.png, id=403, 501.37312pt x 341.0240
6pt>
File: bilder/graph50iterationenreingoldmodified1.png Graphic file (type png)
 <use bilder/graph50iterationenreingoldmodified1.png>
Package pdftex.def Info: bilder/graph50iterationenreingoldmodified1.png used on
 input line 69.
(pdftex.def)             Requested size: 401.09903pt x 272.81961pt.

Overfull \hbox (5.03801pt too wide) in paragraph at lines 71--71
[][]|\T1/aer/m/n/10.95 Dort-mun-der Me-tro-Map [http://www.urbanrail.net/eu/de/
do/dortmund-
 []


Underfull \hbox (badness 10000) in paragraph at lines 75--76

 []


Underfull \hbox (badness 10000) in paragraph at lines 77--78

 []


Package Fancyhdr Warning: \headheight is too small (15.0pt): 
 Make it at least 27.11194pt.
 We now make it that large for the rest of the document.
 This may cause the page layout to be inconsistent, however.

[35 <./bilder/graph50iterationenreingold.png>]
Underfull \hbox (badness 10000) in paragraph at lines 80--81

 []


Underfull \vbox (badness 7291) has occurred while \output is active []

 [36 <./bilder/graph25iterationenreingoldmodified1.png>]
Underfull \hbox (badness 10000) in paragraph at lines 82--83

 []

<bilder/graphfertig.png, id=416, 889.82437pt x 592.46344pt>
File: bilder/graphfertig.png Graphic file (type png)

<use bilder/graphfertig.png>
Package pdftex.def Info: bilder/graphfertig.png used on input line 106.
(pdftex.def)             Requested size: 444.9111pt x 296.23099pt.

Overfull \hbox (18.11975pt too wide) in paragraph at lines 106--107
 [][][] 
 []


Overfull \hbox (5.03801pt too wide) in paragraph at lines 108--108
[][]|\T1/aer/m/n/10.95 Dort-mun-der Me-tro-Map [http://www.urbanrail.net/eu/de/
do/dortmund-
 []


Underfull \hbox (badness 10000) in paragraph at lines 103--112

 []


Underfull \vbox (badness 1540) has occurred while \output is active []



Package Fancyhdr Warning: \headheight is too small (15.0pt): 
 Make it at least 27.11194pt.
 We now make it that large for the rest of the document.
 This may cause the page layout to be inconsistent, however.

[37 <./bilder/graph50iterationenreingoldmodified1.png>]
Underfull \vbox (badness 10000) has occurred while \output is active []

 [38]
Underfull \hbox (badness 10000) in paragraph at lines 115--116

 []

<bilder/abstandseile.png, id=437, 152.06813pt x 165.61874pt>
File: bilder/abstandseile.png Graphic file (type png)

<use bilder/abstandseile.png>
Package pdftex.def Info: bilder/abstandseile.png used on input line 121.
(pdftex.def)             Requested size: 152.06775pt x 165.61833pt.
File: bilder/knotenplacement.jpg Graphic file (type jpg)
 <use bilder/knotenplacement.jpg>
Package pdftex.def Info: bilder/knotenplacement.jpg used on input line 125.
(pdftex.def)             Requested size: 142.2812pt x 141.152pt.


Package Fancyhdr Warning: \headheight is too small (15.0pt): 
 Make it at least 27.11194pt.
 We now make it that large for the rest of the document.
 This may cause the page layout to be inconsistent, however.

[39 <./bilder/graphfertig.png>]) [40 <./bilder/abstandseile.png>]
\openout2 = `kapitel/anhang.aux'.


(kapitel/anhang.tex
chapter A.
) [41






] [42



] (LS7-Abschlussarbeit.lof)
\tf@lof=\write5
\openout5 = `LS7-Abschlussarbeit.lof'.

 [43] [44


] (LS7-Abschlussarbeit.loa)
\tf@loa=\write6
\openout6 = `LS7-Abschlussarbeit.loa'.


[45


] [46


] (LS7-Abschlussarbeit.lol)
\tf@lol=\write7
\openout7 = `LS7-Abschlussarbeit.lol'.

 [47


] [48


] (LS7-Abschlussarbeit.bbl

Package natbib Warning: Empty `thebibliography' environment on input line 10.

)
Package atveryend Info: Empty hook `BeforeClearDocument' on input line 294.
 [49


]
Package atveryend Info: Empty hook `AfterLastShipout' on input line 294.
 (LS7-Abschlussarbeit.aux (kapitel/titelseite.aux) (kapitel/notation.aux) (kapi
tel/einleitung.aux) (kapitel/kapitel2.aux) (kapitel/kapitel3.aux)
(kapitel/kapitel4.aux) (kapitel/anhang.aux))
Package atveryend Info: Executing hook `AtVeryEndDocument' on input line 294.
Package atveryend Info: Executing hook `AtEndAfterFileList' on input line 294.
Package rerunfilecheck Info: File `LS7-Abschlussarbeit.out' has not changed.
(rerunfilecheck)             Checksum: 48CBD9E98594AE021AA4FDDF78B9F1F8;1616.


LaTeX Warning: There were multiply-defined labels.

Package atveryend Info: Empty hook `AtVeryVeryEnd' on input line 294.
 ) 
Here is how much of TeX's memory you used:
 24803 strings out of 493323
 427675 string characters out of 3146420
 618762 words of memory out of 3000000
 27693 multiletter control sequences out of 15000+200000
 582075 words of font info for 129 fonts, out of 3000000 for 9000
 1141 hyphenation exceptions out of 8191
 57i,12n,100p,10470b,876s stack positions out of 5000i,500n,10000p,200000b,50000s
<E:/Miktex2/fonts/type1/public/amsfonts/cm/cmbx10.pfb><E:/Miktex2/fonts/type1
/public/amsfonts/cm/cmbx12.pfb><E:/Miktex2/fonts/type1/public/amsfonts/cm/cmex1
0.pfb><E:/Miktex2/fonts/type1/public/amsfonts/cm/cmmi10.pfb><E:/Miktex2/fonts/t
ype1/public/amsfonts/cm/cmmi12.pfb><E:/Miktex2/fonts/type1/public/amsfonts/cm/c
mmi6.pfb><E:/Miktex2/fonts/type1/public/amsfonts/cm/cmmi7.pfb><E:/Miktex2/fonts
/type1/public/amsfonts/cm/cmmi8.pfb><E:/Miktex2/fonts/type1/public/amsfonts/cm/
cmr10.pfb><E:/Miktex2/fonts/type1/public/amsfonts/cm/cmr12.pfb><E:/Miktex2/font
s/type1/public/amsfonts/cm/cmr6.pfb><E:/Miktex2/fonts/type1/public/amsfonts/cm/
cmr8.pfb><E:/Miktex2/fonts/type1/public/amsfonts/cm/cmss12.pfb><E:/Miktex2/font
s/type1/public/amsfonts/cm/cmss17.pfb><E:/Miktex2/fonts/type1/public/amsfonts/c
m/cmssbx10.pfb><E:/Miktex2/fonts/type1/public/amsfonts/cm/cmsy10.pfb><E:/Miktex
2/fonts/type1/public/amsfonts/cm/cmsy6.pfb><E:/Miktex2/fonts/type1/public/amsfo
nts/cm/cmsy8.pfb><E:/Miktex2/fonts/type1/public/amsfonts/cm/cmti12.pfb><E:/Mikt
ex2/fonts/type1/public/amsfonts/symbols/msbm10.pfb>
Output written on LS7-Abschlussarbeit.pdf (53 pages, 4203143 bytes).
PDF statistics:
 617 PDF objects out of 1000 (max. 8388607)
 164 named destinations out of 1000 (max. 500000)
 347 words of extra memory for PDF output out of 10000 (max. 10000000)

