\BOOKMARK [0][]{chapter*.2}{Mathematische Notation}{}% 1
\BOOKMARK [0][]{chapter.1}{Einleitung}{}% 2
\BOOKMARK [1][-]{section.1.1}{Motivation und Hintergrund}{chapter.1}% 3
\BOOKMARK [1][-]{section.1.2}{Aufbau der Arbeit}{chapter.1}% 4
\BOOKMARK [0][]{chapter.2}{Graphbasierte Modellierung des H\366chstspannungsnetzes}{}% 5
\BOOKMARK [1][-]{section.2.1}{H\366chstspannungsnetz}{chapter.2}% 6
\BOOKMARK [1][-]{section.2.2}{Graph}{chapter.2}% 7
\BOOKMARK [1][-]{section.2.3}{Vom H\366chstspannungsnetz zum Graphen}{chapter.2}% 8
\BOOKMARK [1][-]{section.2.4}{MetroMap Layout Problem}{chapter.2}% 9
\BOOKMARK [0][]{chapter.3}{Spring-Embedder}{}% 10
\BOOKMARK [1][-]{section.3.1}{Spring-Embedder - allgemein}{chapter.3}% 11
\BOOKMARK [1][-]{section.3.2}{Spring-Embedder - Vorgehen}{chapter.3}% 12
\BOOKMARK [0][]{chapter.4}{Anwendung des Spring-Embedders auf den modellierten Graphen}{}% 13
\BOOKMARK [1][-]{section.4.1}{Vergleich des vom Algorithmus erhaltenen Layout mit dem einer MetroMap}{chapter.4}% 14
\BOOKMARK [1][-]{section.4.2}{Nachteile des Spring-Embedders auf der Anwendung des Graphen}{chapter.4}% 15
\BOOKMARK [1][-]{section.4.3}{Anpassung des Spring-Embedders zur Anwendung auf das modellierte H\366chstspannungsnetz}{chapter.4}% 16
\BOOKMARK [1][-]{section.4.4}{Bildung nahezu paralleler Leiterseile mittels dem Spring-Embedder}{chapter.4}% 17
\BOOKMARK [1][-]{section.4.5}{Einbettung der Knoten in Felder}{chapter.4}% 18
\BOOKMARK [1][-]{section.4.6}{Evaluierung und Fazit}{chapter.4}% 19
\BOOKMARK [0][]{appendix.A}{Weitere Informationen}{}% 20
\BOOKMARK [0][]{chapter*.34}{Abbildungsverzeichnis}{}% 21
\BOOKMARK [0][]{chapter*.35}{Algorithmenverzeichnis}{}% 22
\BOOKMARK [0][]{chapter*.36}{Quellcodeverzeichnis}{}% 23
\BOOKMARK [0][]{chapter*.36}{Literaturverzeichnis}{}% 24
